2026-06-03 03:04:44,543 [INFO] 🔥 학습 시작: 총 200 에포크 | Train: 28512 | Val: 7128
2026-06-03 03:07:55,868 [INFO] Epoch [001/200] | Train Loss: 0.10309 | Val Loss: 0.02431
2026-06-03 03:07:55,928 [INFO] ✨ 베스트 모델 갱신 (Val Loss: 0.02431)
2026-06-03 03:10:15,483 [INFO] Epoch [002/200] | Train Loss: 0.02049 | Val Loss: Skipped (Next Val: Epoch 10)
2026-06-03 03:12:34,844 [INFO] Epoch [003/200] | Train Loss: 0.01822 | Val Loss: Skipped (Next Val: Epoch 10)
2026-06-03 03:14:54,413 [INFO] Epoch [004/200] | Train Loss: 0.01796 | Val Loss: Skipped (Next Val: Epoch 10)
2026-06-03 03:17:14,940 [INFO] Epoch [005/200] | Train Loss: 0.01782 | Val Loss: Skipped (Next Val: Epoch 10)
2026-06-03 03:19:34,749 [INFO] Epoch [006/200] | Train Loss: 0.01773 | Val Loss: Skipped (Next Val: Epoch 10)
2026-06-03 03:21:54,467 [INFO] Epoch [007/200] | Train Loss: 0.01764 | Val Loss: Skipped (Next Val: Epoch 10)
2026-06-03 03:24:13,823 [INFO] Epoch [008/200] | Train Loss: 0.01765 | Val Loss: Skipped (Next Val: Epoch 10)
2026-06-03 03:26:33,551 [INFO] Epoch [009/200] | Train Loss: 0.01758 | Val Loss: Skipped (Next Val: Epoch 10)
2026-06-03 03:29:27,470 [INFO] Epoch [010/200] | Train Loss: 0.01752 | Val Loss: 0.01755
2026-06-03 03:29:27,522 [INFO] ✨ 베스트 모델 갱신 (Val Loss: 0.01755)
2026-06-03 03:31:47,399 [INFO] Epoch [011/200] | Train Loss: 0.01760 | Val Loss: Skipped (Next Val: Epoch 20)
2026-06-03 03:34:06,744 [INFO] Epoch [012/200] | Train Loss: 0.01752 | Val Loss: Skipped (Next Val: Epoch 20)
2026-06-03 03:36:26,492 [INFO] Epoch [013/200] | Train Loss: 0.01746 | Val Loss: Skipped (Next Val: Epoch 20)
2026-06-03 03:38:46,040 [INFO] Epoch [014/200] | Train Loss: 0.01749 | Val Loss: Skipped (Next Val: Epoch 20)
2026-06-03 03:41:05,793 [INFO] Epoch [015/200] | Train Loss: 0.01747 | Val Loss: Skipped (Next Val: Epoch 20)
2026-06-03 03:43:25,251 [INFO] Epoch [016/200] | Train Loss: 0.01743 | Val Loss: Skipped (Next Val: Epoch 20)
2026-06-03 03:45:44,801 [INFO] Epoch [017/200] | Train Loss: 0.01742 | Val Loss: Skipped (Next Val: Epoch 20)
2026-06-03 03:48:04,693 [INFO] Epoch [018/200] | Train Loss: 0.01747 | Val Loss: Skipped (Next Val: Epoch 20)
2026-06-03 03:50:24,095 [INFO] Epoch [019/200] | Train Loss: 0.01744 | Val Loss: Skipped (Next Val: Epoch 20)
2026-06-03 03:53:18,452 [INFO] Epoch [020/200] | Train Loss: 0.01741 | Val Loss: 0.01740
2026-06-03 03:53:18,502 [INFO] ✨ 베스트 모델 갱신 (Val Loss: 0.01740)
2026-06-03 03:55:38,037 [INFO] Epoch [021/200] | Train Loss: 0.01742 | Val Loss: Skipped (Next Val: Epoch 30)
2026-06-03 03:57:57,924 [INFO] Epoch [022/200] | Train Loss: 0.01740 | Val Loss: Skipped (Next Val: Epoch 30)
2026-06-03 04:00:17,564 [INFO] Epoch [023/200] | Train Loss: 0.01741 | Val Loss: Skipped (Next Val: Epoch 30)
2026-06-03 04:02:37,556 [INFO] Epoch [024/200] | Train Loss: 0.01738 | Val Loss: Skipped (Next Val: Epoch 30)
2026-06-03 04:04:57,072 [INFO] Epoch [025/200] | Train Loss: 0.01736 | Val Loss: Skipped (Next Val: Epoch 30)
2026-06-03 04:07:16,794 [INFO] Epoch [026/200] | Train Loss: 0.01738 | Val Loss: Skipped (Next Val: Epoch 30)
2026-06-03 04:09:36,276 [INFO] Epoch [027/200] | Train Loss: 0.01734 | Val Loss: Skipped (Next Val: Epoch 30)
2026-06-03 04:11:56,136 [INFO] Epoch [028/200] | Train Loss: 0.01736 | Val Loss: Skipped (Next Val: Epoch 30)
2026-06-03 04:14:15,519 [INFO] Epoch [029/200] | Train Loss: 0.01735 | Val Loss: Skipped (Next Val: Epoch 30)
2026-06-03 04:17:09,536 [INFO] Epoch [030/200] | Train Loss: 0.01734 | Val Loss: 0.01758
2026-06-03 04:19:28,796 [INFO] Epoch [031/200] | Train Loss: 0.01735 | Val Loss: Skipped (Next Val: Epoch 40)
2026-06-03 04:21:48,412 [INFO] Epoch [032/200] | Train Loss: 0.01736 | Val Loss: Skipped (Next Val: Epoch 40)
2026-06-03 04:24:07,736 [INFO] Epoch [033/200] | Train Loss: 0.01735 | Val Loss: Skipped (Next Val: Epoch 40)
2026-06-03 04:26:27,458 [INFO] Epoch [034/200] | Train Loss: 0.01734 | Val Loss: Skipped (Next Val: Epoch 40)
2026-06-03 04:28:46,830 [INFO] Epoch [035/200] | Train Loss: 0.01728 | Val Loss: Skipped (Next Val: Epoch 40)
2026-06-03 04:31:06,663 [INFO] Epoch [036/200] | Train Loss: 0.01730 | Val Loss: Skipped (Next Val: Epoch 40)
2026-06-03 04:33:26,126 [INFO] Epoch [037/200] | Train Loss: 0.01726 | Val Loss: Skipped (Next Val: Epoch 40)
2026-06-03 04:35:45,488 [INFO] Epoch [038/200] | Train Loss: 0.01738 | Val Loss: Skipped (Next Val: Epoch 40)
2026-06-03 04:38:05,380 [INFO] Epoch [039/200] | Train Loss: 0.01730 | Val Loss: Skipped (Next Val: Epoch 40)
2026-06-03 04:40:59,746 [INFO] Epoch [040/200] | Train Loss: 0.01731 | Val Loss: 0.01734
2026-06-03 04:40:59,799 [INFO] ✨ 베스트 모델 갱신 (Val Loss: 0.01734)
2026-06-03 04:43:19,273 [INFO] Epoch [041/200] | Train Loss: 0.01731 | Val Loss: Skipped (Next Val: Epoch 50)
2026-06-03 04:45:38,842 [INFO] Epoch [042/200] | Train Loss: 0.01729 | Val Loss: Skipped (Next Val: Epoch 50)
2026-06-03 04:47:58,574 [INFO] Epoch [043/200] | Train Loss: 0.01729 | Val Loss: Skipped (Next Val: Epoch 50)
2026-06-03 04:50:18,039 [INFO] Epoch [044/200] | Train Loss: 0.01730 | Val Loss: Skipped (Next Val: Epoch 50)
2026-06-03 04:52:37,965 [INFO] Epoch [045/200] | Train Loss: 0.01726 | Val Loss: Skipped (Next Val: Epoch 50)
2026-06-03 04:54:57,261 [INFO] Epoch [046/200] | Train Loss: 0.01731 | Val Loss: Skipped (Next Val: Epoch 50)
2026-06-03 04:57:17,198 [INFO] Epoch [047/200] | Train Loss: 0.01727 | Val Loss: Skipped (Next Val: Epoch 50)
2026-06-03 04:59:36,794 [INFO] Epoch [048/200] | Train Loss: 0.01730 | Val Loss: Skipped (Next Val: Epoch 50)
2026-06-03 05:01:56,720 [INFO] Epoch [049/200] | Train Loss: 0.01731 | Val Loss: Skipped (Next Val: Epoch 50)
2026-06-03 05:04:50,697 [INFO] Epoch [050/200] | Train Loss: 0.01727 | Val Loss: 0.01735
2026-06-03 05:07:10,728 [INFO] Epoch [051/200] | Train Loss: 0.01727 | Val Loss: Skipped (Next Val: Epoch 60)
2026-06-03 05:09:30,440 [INFO] Epoch [052/200] | Train Loss: 0.01725 | Val Loss: Skipped (Next Val: Epoch 60)
2026-06-03 05:11:50,313 [INFO] Epoch [053/200] | Train Loss: 0.01724 | Val Loss: Skipped (Next Val: Epoch 60)
2026-06-03 05:14:09,877 [INFO] Epoch [054/200] | Train Loss: 0.01722 | Val Loss: Skipped (Next Val: Epoch 60)
2026-06-03 05:16:29,869 [INFO] Epoch [055/200] | Train Loss: 0.01728 | Val Loss: Skipped (Next Val: Epoch 60)
2026-06-03 05:18:49,259 [INFO] Epoch [056/200] | Train Loss: 0.01724 | Val Loss: Skipped (Next Val: Epoch 60)
2026-06-03 05:21:09,072 [INFO] Epoch [057/200] | Train Loss: 0.01726 | Val Loss: Skipped (Next Val: Epoch 60)
2026-06-03 05:23:28,594 [INFO] Epoch [058/200] | Train Loss: 0.01726 | Val Loss: Skipped (Next Val: Epoch 60)
2026-06-03 05:25:48,117 [INFO] Epoch [059/200] | Train Loss: 0.01724 | Val Loss: Skipped (Next Val: Epoch 60)
2026-06-03 05:28:42,161 [INFO] Epoch [060/200] | Train Loss: 0.01724 | Val Loss: 0.01733
2026-06-03 05:28:42,215 [INFO] ✨ 베스트 모델 갱신 (Val Loss: 0.01733)
2026-06-03 05:31:02,101 [INFO] Epoch [061/200] | Train Loss: 0.01723 | Val Loss: Skipped (Next Val: Epoch 70)
2026-06-03 05:33:21,436 [INFO] Epoch [062/200] | Train Loss: 0.01725 | Val Loss: Skipped (Next Val: Epoch 70)
2026-06-03 05:35:40,927 [INFO] Epoch [063/200] | Train Loss: 0.01726 | Val Loss: Skipped (Next Val: Epoch 70)
2026-06-03 05:38:00,727 [INFO] Epoch [064/200] | Train Loss: 0.01722 | Val Loss: Skipped (Next Val: Epoch 70)
2026-06-03 05:40:20,350 [INFO] Epoch [065/200] | Train Loss: 0.01720 | Val Loss: Skipped (Next Val: Epoch 70)
2026-06-03 05:42:40,225 [INFO] Epoch [066/200] | Train Loss: 0.01724 | Val Loss: Skipped (Next Val: Epoch 70)
2026-06-03 05:44:59,730 [INFO] Epoch [067/200] | Train Loss: 0.01726 | Val Loss: Skipped (Next Val: Epoch 70)
2026-06-03 05:47:19,558 [INFO] Epoch [068/200] | Train Loss: 0.01723 | Val Loss: Skipped (Next Val: Epoch 70)
2026-06-03 05:49:38,949 [INFO] Epoch [069/200] | Train Loss: 0.01723 | Val Loss: Skipped (Next Val: Epoch 70)
2026-06-03 05:52:33,066 [INFO] Epoch [070/200] | Train Loss: 0.01724 | Val Loss: 0.01770
2026-06-03 05:54:52,709 [INFO] Epoch [071/200] | Train Loss: 0.01722 | Val Loss: Skipped (Next Val: Epoch 80)
2026-06-03 05:57:12,644 [INFO] Epoch [072/200] | Train Loss: 0.01724 | Val Loss: Skipped (Next Val: Epoch 80)
2026-06-03 05:59:32,158 [INFO] Epoch [073/200] | Train Loss: 0.01723 | Val Loss: Skipped (Next Val: Epoch 80)
2026-06-03 06:01:51,875 [INFO] Epoch [074/200] | Train Loss: 0.01724 | Val Loss: Skipped (Next Val: Epoch 80)
2026-06-03 06:04:11,302 [INFO] Epoch [075/200] | Train Loss: 0.01722 | Val Loss: Skipped (Next Val: Epoch 80)
2026-06-03 06:06:31,151 [INFO] Epoch [076/200] | Train Loss: 0.01722 | Val Loss: Skipped (Next Val: Epoch 80)
2026-06-03 06:08:50,672 [INFO] Epoch [077/200] | Train Loss: 0.01721 | Val Loss: Skipped (Next Val: Epoch 80)
2026-06-03 06:11:10,444 [INFO] Epoch [078/200] | Train Loss: 0.01720 | Val Loss: Skipped (Next Val: Epoch 80)
2026-06-03 06:13:29,862 [INFO] Epoch [079/200] | Train Loss: 0.01719 | Val Loss: Skipped (Next Val: Epoch 80)
2026-06-03 06:16:24,154 [INFO] Epoch [080/200] | Train Loss: 0.01721 | Val Loss: 0.01723
2026-06-03 06:16:24,204 [INFO] ✨ 베스트 모델 갱신 (Val Loss: 0.01723)
2026-06-03 06:18:43,705 [INFO] Epoch [081/200] | Train Loss: 0.01722 | Val Loss: Skipped (Next Val: Epoch 90)
2026-06-03 06:21:03,623 [INFO] Epoch [082/200] | Train Loss: 0.01724 | Val Loss: Skipped (Next Val: Epoch 90)
2026-06-03 06:23:23,118 [INFO] Epoch [083/200] | Train Loss: 0.01721 | Val Loss: Skipped (Next Val: Epoch 90)
2026-06-03 06:25:42,528 [INFO] Epoch [084/200] | Train Loss: 0.01721 | Val Loss: Skipped (Next Val: Epoch 90)
2026-06-03 06:28:02,394 [INFO] Epoch [085/200] | Train Loss: 0.01721 | Val Loss: Skipped (Next Val: Epoch 90)
2026-06-03 06:30:21,853 [INFO] Epoch [086/200] | Train Loss: 0.01722 | Val Loss: Skipped (Next Val: Epoch 90)
2026-06-03 06:32:41,636 [INFO] Epoch [087/200] | Train Loss: 0.01720 | Val Loss: Skipped (Next Val: Epoch 90)
2026-06-03 06:35:01,037 [INFO] Epoch [088/200] | Train Loss: 0.01720 | Val Loss: Skipped (Next Val: Epoch 90)
2026-06-03 06:37:21,037 [INFO] Epoch [089/200] | Train Loss: 0.01724 | Val Loss: Skipped (Next Val: Epoch 90)
2026-06-03 06:40:14,971 [INFO] Epoch [090/200] | Train Loss: 0.01722 | Val Loss: 0.01734
2026-06-03 06:42:34,928 [INFO] Epoch [091/200] | Train Loss: 0.01722 | Val Loss: Skipped (Next Val: Epoch 100)
2026-06-03 06:44:54,450 [INFO] Epoch [092/200] | Train Loss: 0.01719 | Val Loss: Skipped (Next Val: Epoch 100)
2026-06-03 06:47:14,302 [INFO] Epoch [093/200] | Train Loss: 0.01721 | Val Loss: Skipped (Next Val: Epoch 100)
2026-06-03 06:49:33,778 [INFO] Epoch [094/200] | Train Loss: 0.01719 | Val Loss: Skipped (Next Val: Epoch 100)
2026-06-03 06:51:53,645 [INFO] Epoch [095/200] | Train Loss: 0.01719 | Val Loss: Skipped (Next Val: Epoch 100)
2026-06-03 06:54:13,059 [INFO] Epoch [096/200] | Train Loss: 0.01717 | Val Loss: Skipped (Next Val: Epoch 100)
2026-06-03 06:56:32,877 [INFO] Epoch [097/200] | Train Loss: 0.01718 | Val Loss: Skipped (Next Val: Epoch 100)
2026-06-03 06:58:52,335 [INFO] Epoch [098/200] | Train Loss: 0.01721 | Val Loss: Skipped (Next Val: Epoch 100)
2026-06-03 07:01:12,051 [INFO] Epoch [099/200] | Train Loss: 0.01717 | Val Loss: Skipped (Next Val: Epoch 100)
2026-06-03 07:04:05,743 [INFO] Epoch [100/200] | Train Loss: 0.01718 | Val Loss: 0.01735
2026-06-03 07:06:25,606 [INFO] Epoch [101/200] | Train Loss: 0.01718 | Val Loss: Skipped (Next Val: Epoch 110)
2026-06-03 07:08:45,105 [INFO] Epoch [102/200] | Train Loss: 0.01720 | Val Loss: Skipped (Next Val: Epoch 110)
2026-06-03 07:11:04,855 [INFO] Epoch [103/200] | Train Loss: 0.01719 | Val Loss: Skipped (Next Val: Epoch 110)
2026-06-03 07:13:24,274 [INFO] Epoch [104/200] | Train Loss: 0.01716 | Val Loss: Skipped (Next Val: Epoch 110)
2026-06-03 07:15:43,700 [INFO] Epoch [105/200] | Train Loss: 0.01719 | Val Loss: Skipped (Next Val: Epoch 110)
2026-06-03 07:18:03,393 [INFO] Epoch [106/200] | Train Loss: 0.01722 | Val Loss: Skipped (Next Val: Epoch 110)
2026-06-03 07:20:22,867 [INFO] Epoch [107/200] | Train Loss: 0.01718 | Val Loss: Skipped (Next Val: Epoch 110)
2026-06-03 07:22:42,806 [INFO] Epoch [108/200] | Train Loss: 0.01718 | Val Loss: Skipped (Next Val: Epoch 110)
2026-06-03 07:25:02,317 [INFO] Epoch [109/200] | Train Loss: 0.01717 | Val Loss: Skipped (Next Val: Epoch 110)
2026-06-03 07:27:56,592 [INFO] Epoch [110/200] | Train Loss: 0.01716 | Val Loss: 0.01739
2026-06-03 07:30:16,248 [INFO] Epoch [111/200] | Train Loss: 0.01720 | Val Loss: Skipped (Next Val: Epoch 120)
2026-06-03 07:32:35,926 [INFO] Epoch [112/200] | Train Loss: 0.01718 | Val Loss: Skipped (Next Val: Epoch 120)
2026-06-03 07:34:55,319 [INFO] Epoch [113/200] | Train Loss: 0.01716 | Val Loss: Skipped (Next Val: Epoch 120)
2026-06-03 07:37:15,056 [INFO] Epoch [114/200] | Train Loss: 0.01715 | Val Loss: Skipped (Next Val: Epoch 120)
2026-06-03 07:39:34,525 [INFO] Epoch [115/200] | Train Loss: 0.01717 | Val Loss: Skipped (Next Val: Epoch 120)
2026-06-03 07:41:54,496 [INFO] Epoch [116/200] | Train Loss: 0.01716 | Val Loss: Skipped (Next Val: Epoch 120)
2026-06-03 07:44:13,970 [INFO] Epoch [117/200] | Train Loss: 0.01718 | Val Loss: Skipped (Next Val: Epoch 120)
2026-06-03 07:46:34,002 [INFO] Epoch [118/200] | Train Loss: 0.01715 | Val Loss: Skipped (Next Val: Epoch 120)
2026-06-03 07:48:53,519 [INFO] Epoch [119/200] | Train Loss: 0.01717 | Val Loss: Skipped (Next Val: Epoch 120)
2026-06-03 07:51:47,752 [INFO] Epoch [120/200] | Train Loss: 0.01715 | Val Loss: 0.01721
2026-06-03 07:51:47,804 [INFO] ✨ 베스트 모델 갱신 (Val Loss: 0.01721)
2026-06-03 07:54:07,273 [INFO] Epoch [121/200] | Train Loss: 0.01717 | Val Loss: Skipped (Next Val: Epoch 130)
2026-06-03 07:56:27,216 [INFO] Epoch [122/200] | Train Loss: 0.01717 | Val Loss: Skipped (Next Val: Epoch 130)
2026-06-03 07:58:46,755 [INFO] Epoch [123/200] | Train Loss: 0.01717 | Val Loss: Skipped (Next Val: Epoch 130)
2026-06-03 08:01:06,400 [INFO] Epoch [124/200] | Train Loss: 0.01715 | Val Loss: Skipped (Next Val: Epoch 130)
2026-06-03 08:03:25,818 [INFO] Epoch [125/200] | Train Loss: 0.01716 | Val Loss: Skipped (Next Val: Epoch 130)
2026-06-03 08:05:45,112 [INFO] Epoch [126/200] | Train Loss: 0.01717 | Val Loss: Skipped (Next Val: Epoch 130)
2026-06-03 08:08:04,972 [INFO] Epoch [127/200] | Train Loss: 0.01716 | Val Loss: Skipped (Next Val: Epoch 130)
2026-06-03 08:10:24,405 [INFO] Epoch [128/200] | Train Loss: 0.01713 | Val Loss: Skipped (Next Val: Epoch 130)
2026-06-03 08:12:44,129 [INFO] Epoch [129/200] | Train Loss: 0.01714 | Val Loss: Skipped (Next Val: Epoch 130)
2026-06-03 08:15:37,977 [INFO] Epoch [130/200] | Train Loss: 0.01715 | Val Loss: 0.01719
2026-06-03 08:15:38,027 [INFO] ✨ 베스트 모델 갱신 (Val Loss: 0.01719)
2026-06-03 08:17:57,842 [INFO] Epoch [131/200] | Train Loss: 0.01720 | Val Loss: Skipped (Next Val: Epoch 140)
2026-06-03 08:20:17,217 [INFO] Epoch [132/200] | Train Loss: 0.01716 | Val Loss: Skipped (Next Val: Epoch 140)
2026-06-03 08:22:37,018 [INFO] Epoch [133/200] | Train Loss: 0.01711 | Val Loss: Skipped (Next Val: Epoch 140)
2026-06-03 08:24:56,556 [INFO] Epoch [134/200] | Train Loss: 0.01714 | Val Loss: Skipped (Next Val: Epoch 140)
2026-06-03 08:27:16,508 [INFO] Epoch [135/200] | Train Loss: 0.01713 | Val Loss: Skipped (Next Val: Epoch 140)
2026-06-03 08:29:36,024 [INFO] Epoch [136/200] | Train Loss: 0.01719 | Val Loss: Skipped (Next Val: Epoch 140)
2026-06-03 08:31:55,725 [INFO] Epoch [137/200] | Train Loss: 0.01712 | Val Loss: Skipped (Next Val: Epoch 140)
2026-06-03 08:34:15,227 [INFO] Epoch [138/200] | Train Loss: 0.01712 | Val Loss: Skipped (Next Val: Epoch 140)
2026-06-03 08:36:35,072 [INFO] Epoch [139/200] | Train Loss: 0.01714 | Val Loss: Skipped (Next Val: Epoch 140)
2026-06-03 08:39:28,885 [INFO] Epoch [140/200] | Train Loss: 0.01713 | Val Loss: 0.01717
2026-06-03 08:39:28,937 [INFO] ✨ 베스트 모델 갱신 (Val Loss: 0.01717)
2026-06-03 08:41:48,937 [INFO] Epoch [141/200] | Train Loss: 0.01711 | Val Loss: Skipped (Next Val: Epoch 150)
2026-06-03 08:44:08,862 [INFO] Epoch [142/200] | Train Loss: 0.01712 | Val Loss: Skipped (Next Val: Epoch 150)
2026-06-03 08:46:29,883 [INFO] Epoch [143/200] | Train Loss: 0.01712 | Val Loss: Skipped (Next Val: Epoch 150)
2026-06-03 08:48:50,510 [INFO] Epoch [144/200] | Train Loss: 0.01710 | Val Loss: Skipped (Next Val: Epoch 150)
2026-06-03 08:51:11,524 [INFO] Epoch [145/200] | Train Loss: 0.01713 | Val Loss: Skipped (Next Val: Epoch 150)
2026-06-03 08:53:32,066 [INFO] Epoch [146/200] | Train Loss: 0.01714 | Val Loss: Skipped (Next Val: Epoch 150)
2026-06-03 08:55:52,611 [INFO] Epoch [147/200] | Train Loss: 0.01709 | Val Loss: Skipped (Next Val: Epoch 150)
2026-06-03 08:58:13,599 [INFO] Epoch [148/200] | Train Loss: 0.01711 | Val Loss: Skipped (Next Val: Epoch 150)
2026-06-03 09:00:34,214 [INFO] Epoch [149/200] | Train Loss: 0.01710 | Val Loss: Skipped (Next Val: Epoch 150)
2026-06-03 09:03:29,743 [INFO] Epoch [150/200] | Train Loss: 0.01708 | Val Loss: 0.01714
2026-06-03 09:03:29,796 [INFO] ✨ 베스트 모델 갱신 (Val Loss: 0.01714)
2026-06-03 09:05:50,592 [INFO] Epoch [151/200] | Train Loss: 0.01708 | Val Loss: Skipped (Next Val: Epoch 160)
2026-06-03 09:08:11,513 [INFO] Epoch [152/200] | Train Loss: 0.01712 | Val Loss: Skipped (Next Val: Epoch 160)
2026-06-03 09:10:32,206 [INFO] Epoch [153/200] | Train Loss: 0.01708 | Val Loss: Skipped (Next Val: Epoch 160)
2026-06-03 09:12:53,152 [INFO] Epoch [154/200] | Train Loss: 0.01707 | Val Loss: Skipped (Next Val: Epoch 160)
2026-06-03 09:15:13,772 [INFO] Epoch [155/200] | Train Loss: 0.01710 | Val Loss: Skipped (Next Val: Epoch 160)
2026-06-03 09:17:34,693 [INFO] Epoch [156/200] | Train Loss: 0.01704 | Val Loss: Skipped (Next Val: Epoch 160)
2026-06-03 09:19:55,296 [INFO] Epoch [157/200] | Train Loss: 0.01705 | Val Loss: Skipped (Next Val: Epoch 160)
2026-06-03 09:22:16,321 [INFO] Epoch [158/200] | Train Loss: 0.01703 | Val Loss: Skipped (Next Val: Epoch 160)
2026-06-03 09:24:36,874 [INFO] Epoch [159/200] | Train Loss: 0.01707 | Val Loss: Skipped (Next Val: Epoch 160)
2026-06-03 09:27:32,485 [INFO] Epoch [160/200] | Train Loss: 0.01706 | Val Loss: 0.01712
2026-06-03 09:27:32,538 [INFO] ✨ 베스트 모델 갱신 (Val Loss: 0.01712)
2026-06-03 09:29:53,257 [INFO] Epoch [161/200] | Train Loss: 0.01705 | Val Loss: Skipped (Next Val: Epoch 170)
2026-06-03 09:32:14,213 [INFO] Epoch [162/200] | Train Loss: 0.01704 | Val Loss: Skipped (Next Val: Epoch 170)
2026-06-03 09:34:34,178 [INFO] Epoch [163/200] | Train Loss: 0.01703 | Val Loss: Skipped (Next Val: Epoch 170)
2026-06-03 09:36:54,159 [INFO] Epoch [164/200] | Train Loss: 0.01703 | Val Loss: Skipped (Next Val: Epoch 170)
2026-06-03 09:39:14,290 [INFO] Epoch [165/200] | Train Loss: 0.01705 | Val Loss: Skipped (Next Val: Epoch 170)
2026-06-03 09:41:34,709 [INFO] Epoch [166/200] | Train Loss: 0.01701 | Val Loss: Skipped (Next Val: Epoch 170)
2026-06-03 09:43:54,617 [INFO] Epoch [167/200] | Train Loss: 0.01702 | Val Loss: Skipped (Next Val: Epoch 170)
2026-06-03 09:46:14,860 [INFO] Epoch [168/200] | Train Loss: 0.01701 | Val Loss: Skipped (Next Val: Epoch 170)
2026-06-03 09:48:34,808 [INFO] Epoch [169/200] | Train Loss: 0.01700 | Val Loss: Skipped (Next Val: Epoch 170)
2026-06-03 09:51:29,546 [INFO] Epoch [170/200] | Train Loss: 0.01699 | Val Loss: 0.01708
2026-06-03 09:51:29,597 [INFO] ✨ 베스트 모델 갱신 (Val Loss: 0.01708)
2026-06-03 09:53:49,575 [INFO] Epoch [171/200] | Train Loss: 0.01700 | Val Loss: Skipped (Next Val: Epoch 180)
2026-06-03 09:56:09,805 [INFO] Epoch [172/200] | Train Loss: 0.01703 | Val Loss: Skipped (Next Val: Epoch 180)
2026-06-03 09:58:29,649 [INFO] Epoch [173/200] | Train Loss: 0.01702 | Val Loss: Skipped (Next Val: Epoch 180)
2026-06-03 10:00:49,703 [INFO] Epoch [174/200] | Train Loss: 0.01703 | Val Loss: Skipped (Next Val: Epoch 180)
2026-06-03 10:03:10,163 [INFO] Epoch [175/200] | Train Loss: 0.01696 | Val Loss: Skipped (Next Val: Epoch 180)
2026-06-03 10:05:30,058 [INFO] Epoch [176/200] | Train Loss: 0.01703 | Val Loss: Skipped (Next Val: Epoch 180)
2026-06-03 10:07:50,455 [INFO] Epoch [177/200] | Train Loss: 0.01701 | Val Loss: Skipped (Next Val: Epoch 180)
2026-06-03 10:10:10,470 [INFO] Epoch [178/200] | Train Loss: 0.01702 | Val Loss: Skipped (Next Val: Epoch 180)
2026-06-03 10:12:30,717 [INFO] Epoch [179/200] | Train Loss: 0.01698 | Val Loss: Skipped (Next Val: Epoch 180)
2026-06-03 10:15:25,242 [INFO] Epoch [180/200] | Train Loss: 0.01703 | Val Loss: 0.01694
2026-06-03 10:15:25,291 [INFO] ✨ 베스트 모델 갱신 (Val Loss: 0.01694)
2026-06-03 10:17:45,642 [INFO] Epoch [181/200] | Train Loss: 0.01701 | Val Loss: Skipped (Next Val: Epoch 190)
2026-06-03 10:20:05,545 [INFO] Epoch [182/200] | Train Loss: 0.01699 | Val Loss: Skipped (Next Val: Epoch 190)
2026-06-03 10:22:25,909 [INFO] Epoch [183/200] | Train Loss: 0.01693 | Val Loss: Skipped (Next Val: Epoch 190)
2026-06-03 10:24:45,871 [INFO] Epoch [184/200] | Train Loss: 0.01692 | Val Loss: Skipped (Next Val: Epoch 190)
2026-06-03 10:27:06,142 [INFO] Epoch [185/200] | Train Loss: 0.01696 | Val Loss: Skipped (Next Val: Epoch 190)
2026-06-03 10:29:26,093 [INFO] Epoch [186/200] | Train Loss: 0.01698 | Val Loss: Skipped (Next Val: Epoch 190)
2026-06-03 10:31:46,375 [INFO] Epoch [187/200] | Train Loss: 0.01698 | Val Loss: Skipped (Next Val: Epoch 190)
2026-06-03 10:34:05,869 [INFO] Epoch [188/200] | Train Loss: 0.01695 | Val Loss: Skipped (Next Val: Epoch 190)
2026-06-03 10:36:25,755 [INFO] Epoch [189/200] | Train Loss: 0.01698 | Val Loss: Skipped (Next Val: Epoch 190)
2026-06-03 10:39:19,540 [INFO] Epoch [190/200] | Train Loss: 0.01694 | Val Loss: 0.01693
2026-06-03 10:39:19,593 [INFO] ✨ 베스트 모델 갱신 (Val Loss: 0.01693)
2026-06-03 10:41:39,553 [INFO] Epoch [191/200] | Train Loss: 0.01697 | Val Loss: Skipped (Next Val: Epoch 200)
2026-06-03 10:44:02,366 [INFO] Epoch [192/200] | Train Loss: 0.01689 | Val Loss: Skipped (Next Val: Epoch 200)
2026-06-03 10:46:28,487 [INFO] Epoch [193/200] | Train Loss: 0.01695 | Val Loss: Skipped (Next Val: Epoch 200)
2026-06-03 10:48:47,889 [INFO] Epoch [194/200] | Train Loss: 0.01703 | Val Loss: Skipped (Next Val: Epoch 200)
2026-06-03 10:51:07,168 [INFO] Epoch [195/200] | Train Loss: 0.01695 | Val Loss: Skipped (Next Val: Epoch 200)
2026-06-03 10:53:26,679 [INFO] Epoch [196/200] | Train Loss: 0.01693 | Val Loss: Skipped (Next Val: Epoch 200)
2026-06-03 10:55:45,868 [INFO] Epoch [197/200] | Train Loss: 0.01693 | Val Loss: Skipped (Next Val: Epoch 200)
2026-06-03 10:58:05,452 [INFO] Epoch [198/200] | Train Loss: 0.01693 | Val Loss: Skipped (Next Val: Epoch 200)
2026-06-03 11:00:24,648 [INFO] Epoch [199/200] | Train Loss: 0.01697 | Val Loss: Skipped (Next Val: Epoch 200)
2026-06-03 11:03:20,293 [INFO] Epoch [200/200] | Train Loss: 0.01695 | Val Loss: 0.01702
2026-06-03 11:03:20,427 [INFO] 🎉 학습 완료!
