
2026-06-02 02:20:39,969 [INFO] 🚨 데이터 검사 및 정규화를 시작합니다...
2026-06-02 02:20:40,229 [WARNING] ⚠️ X_tensor에 NaN이나 Inf가 발견되었습니다. 0으로 치환합니다.
2026-06-02 02:20:40,344 [INFO] 📊 정규화 전 X_tensor 범위: min=-3.14, max=57.20
2026-06-02 02:20:40,611 [INFO] ✅ 정규화 후 X_tensor 범위: min=0.00, max=1.00
2026-06-02 02:20:40,616 [INFO] 🔥 학습 시작: 총 200 에포크 | Train: 28512 | Val: 7128
2026-06-02 02:23:17,737 [INFO] Epoch [001/200] | Train Loss: 0.07902 | Val Loss: 0.02137
2026-06-02 02:23:17,784 [INFO] ✨ 베스트 모델 갱신 (Val Loss: 0.02137)
2026-06-02 02:25:23,961 [INFO] Epoch [002/200] | Train Loss: 0.01830 | Val Loss: Skipped (Next Val: Epoch 10)
2026-06-02 02:27:29,848 [INFO] Epoch [003/200] | Train Loss: 0.01788 | Val Loss: Skipped (Next Val: Epoch 10)
2026-06-02 02:29:36,191 [INFO] Epoch [004/200] | Train Loss: 0.01776 | Val Loss: Skipped (Next Val: Epoch 10)
2026-06-02 02:31:42,575 [INFO] Epoch [005/200] | Train Loss: 0.01771 | Val Loss: Skipped (Next Val: Epoch 10)
2026-06-02 02:33:49,408 [INFO] Epoch [006/200] | Train Loss: 0.01760 | Val Loss: Skipped (Next Val: Epoch 10)
2026-06-02 02:35:55,501 [INFO] Epoch [007/200] | Train Loss: 0.01761 | Val Loss: Skipped (Next Val: Epoch 10)
2026-06-02 02:38:01,419 [INFO] Epoch [008/200] | Train Loss: 0.01760 | Val Loss: Skipped (Next Val: Epoch 10)
2026-06-02 02:40:07,959 [INFO] Epoch [009/200] | Train Loss: 0.01758 | Val Loss: Skipped (Next Val: Epoch 10)
2026-06-02 02:42:45,105 [INFO] Epoch [010/200] | Train Loss: 0.01753 | Val Loss: 0.01812
2026-06-02 02:42:45,159 [INFO] ✨ 베스트 모델 갱신 (Val Loss: 0.01812)
2026-06-02 02:44:51,912 [INFO] Epoch [011/200] | Train Loss: 0.01754 | Val Loss: Skipped (Next Val: Epoch 20)
2026-06-02 02:46:57,874 [INFO] Epoch [012/200] | Train Loss: 0.01744 | Val Loss: Skipped (Next Val: Epoch 20)
2026-06-02 02:49:04,049 [INFO] Epoch [013/200] | Train Loss: 0.01747 | Val Loss: Skipped (Next Val: Epoch 20)
2026-06-02 02:51:10,288 [INFO] Epoch [014/200] | Train Loss: 0.01746 | Val Loss: Skipped (Next Val: Epoch 20)
2026-06-02 02:53:16,854 [INFO] Epoch [015/200] | Train Loss: 0.01746 | Val Loss: Skipped (Next Val: Epoch 20)
2026-06-02 02:55:23,520 [INFO] Epoch [016/200] | Train Loss: 0.01743 | Val Loss: Skipped (Next Val: Epoch 20)
2026-06-02 02:57:29,477 [INFO] Epoch [017/200] | Train Loss: 0.01750 | Val Loss: Skipped (Next Val: Epoch 20)
2026-06-02 02:59:35,874 [INFO] Epoch [018/200] | Train Loss: 0.01740 | Val Loss: Skipped (Next Val: Epoch 20)
2026-06-02 03:01:42,286 [INFO] Epoch [019/200] | Train Loss: 0.01740 | Val Loss: Skipped (Next Val: Epoch 20)
2026-06-02 03:04:19,713 [INFO] Epoch [020/200] | Train Loss: 0.01737 | Val Loss: 0.01783
2026-06-02 03:04:19,761 [INFO] ✨ 베스트 모델 갱신 (Val Loss: 0.01783)
2026-06-02 03:06:26,126 [INFO] Epoch [021/200] | Train Loss: 0.01738 | Val Loss: Skipped (Next Val: Epoch 30)
2026-06-02 03:08:32,329 [INFO] Epoch [022/200] | Train Loss: 0.01738 | Val Loss: Skipped (Next Val: Epoch 30)
2026-06-02 03:10:38,216 [INFO] Epoch [023/200] | Train Loss: 0.01740 | Val Loss: Skipped (Next Val: Epoch 30)
2026-06-02 03:12:44,704 [INFO] Epoch [024/200] | Train Loss: 0.01738 | Val Loss: Skipped (Next Val: Epoch 30)
2026-06-02 03:14:51,450 [INFO] Epoch [025/200] | Train Loss: 0.01738 | Val Loss: Skipped (Next Val: Epoch 30)
2026-06-02 03:16:57,747 [INFO] Epoch [026/200] | Train Loss: 0.01734 | Val Loss: Skipped (Next Val: Epoch 30)
2026-06-02 03:19:03,994 [INFO] Epoch [027/200] | Train Loss: 0.01734 | Val Loss: Skipped (Next Val: Epoch 30)
2026-06-02 03:21:10,052 [INFO] Epoch [028/200] | Train Loss: 0.01736 | Val Loss: Skipped (Next Val: Epoch 30)
2026-06-02 03:23:16,656 [INFO] Epoch [029/200] | Train Loss: 0.01737 | Val Loss: Skipped (Next Val: Epoch 30)
2026-06-02 03:25:54,019 [INFO] Epoch [030/200] | Train Loss: 0.01735 | Val Loss: 0.01758
2026-06-02 03:25:54,066 [INFO] ✨ 베스트 모델 갱신 (Val Loss: 0.01758)
2026-06-02 03:28:00,179 [INFO] Epoch [031/200] | Train Loss: 0.01735 | Val Loss: Skipped (Next Val: Epoch 40)
2026-06-02 03:30:06,537 [INFO] Epoch [032/200] | Train Loss: 0.01735 | Val Loss: Skipped (Next Val: Epoch 40)
2026-06-02 03:32:12,732 [INFO] Epoch [033/200] | Train Loss: 0.01731 | Val Loss: Skipped (Next Val: Epoch 40)
2026-06-02 03:34:19,585 [INFO] Epoch [034/200] | Train Loss: 0.01733 | Val Loss: Skipped (Next Val: Epoch 40)
2026-06-02 03:36:26,023 [INFO] Epoch [035/200] | Train Loss: 0.01735 | Val Loss: Skipped (Next Val: Epoch 40)
2026-06-02 03:38:32,607 [INFO] Epoch [036/200] | Train Loss: 0.01732 | Val Loss: Skipped (Next Val: Epoch 40)
2026-06-02 03:40:38,573 [INFO] Epoch [037/200] | Train Loss: 0.01732 | Val Loss: Skipped (Next Val: Epoch 40)
2026-06-02 03:42:44,785 [INFO] Epoch [038/200] | Train Loss: 0.01736 | Val Loss: Skipped (Next Val: Epoch 40)
2026-06-02 03:44:51,692 [INFO] Epoch [039/200] | Train Loss: 0.01733 | Val Loss: Skipped (Next Val: Epoch 40)
2026-06-02 03:47:28,908 [INFO] Epoch [040/200] | Train Loss: 0.01729 | Val Loss: 0.01730
2026-06-02 03:47:28,954 [INFO] ✨ 베스트 모델 갱신 (Val Loss: 0.01730)
2026-06-02 03:49:35,206 [INFO] Epoch [041/200] | Train Loss: 0.01730 | Val Loss: Skipped (Next Val: Epoch 50)
2026-06-02 03:51:41,136 [INFO] Epoch [042/200] | Train Loss: 0.01732 | Val Loss: Skipped (Next Val: Epoch 50)
2026-06-02 03:53:47,996 [INFO] Epoch [043/200] | Train Loss: 0.01727 | Val Loss: Skipped (Next Val: Epoch 50)
2026-06-02 03:55:54,552 [INFO] Epoch [044/200] | Train Loss: 0.01731 | Val Loss: Skipped (Next Val: Epoch 50)
2026-06-02 03:58:00,864 [INFO] Epoch [045/200] | Train Loss: 0.01728 | Val Loss: Skipped (Next Val: Epoch 50)
2026-06-02 04:00:07,185 [INFO] Epoch [046/200] | Train Loss: 0.01730 | Val Loss: Skipped (Next Val: Epoch 50)
2026-06-02 04:02:13,217 [INFO] Epoch [047/200] | Train Loss: 0.01731 | Val Loss: Skipped (Next Val: Epoch 50)
2026-06-02 04:04:20,402 [INFO] Epoch [048/200] | Train Loss: 0.01729 | Val Loss: Skipped (Next Val: Epoch 50)
2026-06-02 04:06:26,688 [INFO] Epoch [049/200] | Train Loss: 0.01729 | Val Loss: Skipped (Next Val: Epoch 50)
2026-06-02 04:09:03,848 [INFO] Epoch [050/200] | Train Loss: 0.01727 | Val Loss: 0.01725
2026-06-02 04:09:03,901 [INFO] ✨ 베스트 모델 갱신 (Val Loss: 0.01725)
2026-06-02 04:11:09,839 [INFO] Epoch [051/200] | Train Loss: 0.01728 | Val Loss: Skipped (Next Val: Epoch 60)
2026-06-02 04:13:16,016 [INFO] Epoch [052/200] | Train Loss: 0.01728 | Val Loss: Skipped (Next Val: Epoch 60)
2026-06-02 04:15:22,813 [INFO] Epoch [053/200] | Train Loss: 0.01731 | Val Loss: Skipped (Next Val: Epoch 60)
2026-06-02 04:17:29,307 [INFO] Epoch [054/200] | Train Loss: 0.01731 | Val Loss: Skipped (Next Val: Epoch 60)
2026-06-02 04:19:35,760 [INFO] Epoch [055/200] | Train Loss: 0.01728 | Val Loss: Skipped (Next Val: Epoch 60)
2026-06-02 04:21:41,752 [INFO] Epoch [056/200] | Train Loss: 0.01728 | Val Loss: Skipped (Next Val: Epoch 60)
2026-06-02 04:23:48,334 [INFO] Epoch [057/200] | Train Loss: 0.01729 | Val Loss: Skipped (Next Val: Epoch 60)
2026-06-02 04:25:54,849 [INFO] Epoch [058/200] | Train Loss: 0.01727 | Val Loss: Skipped (Next Val: Epoch 60)
2026-06-02 04:28:01,264 [INFO] Epoch [059/200] | Train Loss: 0.01727 | Val Loss: Skipped (Next Val: Epoch 60)
2026-06-02 04:30:38,364 [INFO] Epoch [060/200] | Train Loss: 0.01729 | Val Loss: 0.01729
2026-06-02 04:32:44,303 [INFO] Epoch [061/200] | Train Loss: 0.01730 | Val Loss: Skipped (Next Val: Epoch 70)
2026-06-02 04:34:50,984 [INFO] Epoch [062/200] | Train Loss: 0.01730 | Val Loss: Skipped (Next Val: Epoch 70)
2026-06-02 04:36:57,396 [INFO] Epoch [063/200] | Train Loss: 0.01727 | Val Loss: Skipped (Next Val: Epoch 70)
2026-06-02 04:39:04,260 [INFO] Epoch [064/200] | Train Loss: 0.01726 | Val Loss: Skipped (Next Val: Epoch 70)
2026-06-02 04:41:10,167 [INFO] Epoch [065/200] | Train Loss: 0.01726 | Val Loss: Skipped (Next Val: Epoch 70)
2026-06-02 04:43:16,173 [INFO] Epoch [066/200] | Train Loss: 0.01725 | Val Loss: Skipped (Next Val: Epoch 70)
2026-06-02 04:45:22,790 [INFO] Epoch [067/200] | Train Loss: 0.01726 | Val Loss: Skipped (Next Val: Epoch 70)
2026-06-02 04:47:29,274 [INFO] Epoch [068/200] | Train Loss: 0.01727 | Val Loss: Skipped (Next Val: Epoch 70)
2026-06-02 04:49:35,931 [INFO] Epoch [069/200] | Train Loss: 0.01726 | Val Loss: Skipped (Next Val: Epoch 70)
2026-06-02 04:52:12,642 [INFO] Epoch [070/200] | Train Loss: 0.01727 | Val Loss: 0.01734
2026-06-02 04:54:19,038 [INFO] Epoch [071/200] | Train Loss: 0.01726 | Val Loss: Skipped (Next Val: Epoch 80)
2026-06-02 04:56:25,578 [INFO] Epoch [072/200] | Train Loss: 0.01725 | Val Loss: Skipped (Next Val: Epoch 80)
2026-06-02 04:58:32,455 [INFO] Epoch [073/200] | Train Loss: 0.01723 | Val Loss: Skipped (Next Val: Epoch 80)
2026-06-02 05:00:38,676 [INFO] Epoch [074/200] | Train Loss: 0.01726 | Val Loss: Skipped (Next Val: Epoch 80)
2026-06-02 05:02:44,744 [INFO] Epoch [075/200] | Train Loss: 0.01725 | Val Loss: Skipped (Next Val: Epoch 80)
2026-06-02 05:04:51,267 [INFO] Epoch [076/200] | Train Loss: 0.01724 | Val Loss: Skipped (Next Val: Epoch 80)
2026-06-02 05:06:57,753 [INFO] Epoch [077/200] | Train Loss: 0.01723 | Val Loss: Skipped (Next Val: Epoch 80)
2026-06-02 05:09:04,754 [INFO] Epoch [078/200] | Train Loss: 0.01726 | Val Loss: Skipped (Next Val: Epoch 80)
2026-06-02 05:11:10,815 [INFO] Epoch [079/200] | Train Loss: 0.01723 | Val Loss: Skipped (Next Val: Epoch 80)
2026-06-02 05:13:47,873 [INFO] Epoch [080/200] | Train Loss: 0.01723 | Val Loss: 0.01746
2026-06-02 05:15:54,121 [INFO] Epoch [081/200] | Train Loss: 0.01727 | Val Loss: Skipped (Next Val: Epoch 90)
2026-06-02 05:18:00,660 [INFO] Epoch [082/200] | Train Loss: 0.01723 | Val Loss: Skipped (Next Val: Epoch 90)
2026-06-02 05:20:07,568 [INFO] Epoch [083/200] | Train Loss: 0.01723 | Val Loss: Skipped (Next Val: Epoch 90)
2026-06-02 05:22:13,560 [INFO] Epoch [084/200] | Train Loss: 0.01724 | Val Loss: Skipped (Next Val: Epoch 90)
2026-06-02 05:24:19,847 [INFO] Epoch [085/200] | Train Loss: 0.01724 | Val Loss: Skipped (Next Val: Epoch 90)
2026-06-02 05:26:26,132 [INFO] Epoch [086/200] | Train Loss: 0.01725 | Val Loss: Skipped (Next Val: Epoch 90)
2026-06-02 05:28:32,968 [INFO] Epoch [087/200] | Train Loss: 0.01726 | Val Loss: Skipped (Next Val: Epoch 90)
2026-06-02 05:30:39,245 [INFO] Epoch [088/200] | Train Loss: 0.01724 | Val Loss: Skipped (Next Val: Epoch 90)
2026-06-02 05:32:45,147 [INFO] Epoch [089/200] | Train Loss: 0.01722 | Val Loss: Skipped (Next Val: Epoch 90)
2026-06-02 05:35:22,201 [INFO] Epoch [090/200] | Train Loss: 0.01723 | Val Loss: 0.01724
2026-06-02 05:35:22,251 [INFO] ✨ 베스트 모델 갱신 (Val Loss: 0.01724)
2026-06-02 05:37:28,742 [INFO] Epoch [091/200] | Train Loss: 0.01721 | Val Loss: Skipped (Next Val: Epoch 100)
2026-06-02 05:39:35,651 [INFO] Epoch [092/200] | Train Loss: 0.01724 | Val Loss: Skipped (Next Val: Epoch 100)
2026-06-02 05:41:41,845 [INFO] Epoch [093/200] | Train Loss: 0.01722 | Val Loss: Skipped (Next Val: Epoch 100)
2026-06-02 05:43:48,089 [INFO] Epoch [094/200] | Train Loss: 0.01723 | Val Loss: Skipped (Next Val: Epoch 100)
2026-06-02 05:45:54,046 [INFO] Epoch [095/200] | Train Loss: 0.01725 | Val Loss: Skipped (Next Val: Epoch 100)
2026-06-02 05:48:00,426 [INFO] Epoch [096/200] | Train Loss: 0.01721 | Val Loss: Skipped (Next Val: Epoch 100)
2026-06-02 05:50:07,195 [INFO] Epoch [097/200] | Train Loss: 0.01724 | Val Loss: Skipped (Next Val: Epoch 100)
2026-06-02 05:52:13,305 [INFO] Epoch [098/200] | Train Loss: 0.01723 | Val Loss: Skipped (Next Val: Epoch 100)
2026-06-02 05:54:19,711 [INFO] Epoch [099/200] | Train Loss: 0.01721 | Val Loss: Skipped (Next Val: Epoch 100)
2026-06-02 05:56:56,608 [INFO] Epoch [100/200] | Train Loss: 0.01721 | Val Loss: 0.01745
2026-06-02 05:59:03,516 [INFO] Epoch [101/200] | Train Loss: 0.01721 | Val Loss: Skipped (Next Val: Epoch 110)
2026-06-02 06:01:10,004 [INFO] Epoch [102/200] | Train Loss: 0.01720 | Val Loss: Skipped (Next Val: Epoch 110)
2026-06-02 06:03:16,012 [INFO] Epoch [103/200] | Train Loss: 0.01723 | Val Loss: Skipped (Next Val: Epoch 110)
2026-06-02 06:05:22,304 [INFO] Epoch [104/200] | Train Loss: 0.01724 | Val Loss: Skipped (Next Val: Epoch 110)
2026-06-02 06:07:28,500 [INFO] Epoch [105/200] | Train Loss: 0.01722 | Val Loss: Skipped (Next Val: Epoch 110)
2026-06-02 06:09:35,386 [INFO] Epoch [106/200] | Train Loss: 0.01722 | Val Loss: Skipped (Next Val: Epoch 110)
2026-06-02 06:11:41,747 [INFO] Epoch [107/200] | Train Loss: 0.01721 | Val Loss: Skipped (Next Val: Epoch 110)
2026-06-02 06:13:48,004 [INFO] Epoch [108/200] | Train Loss: 0.01723 | Val Loss: Skipped (Next Val: Epoch 110)
2026-06-02 06:15:53,874 [INFO] Epoch [109/200] | Train Loss: 0.01721 | Val Loss: Skipped (Next Val: Epoch 11₀)
2026-06-02 06:18:31,325 [INFO] Epoch [110/200] | Train Loss: 0.01721 | Val Loss: 0.01736
2026-06-02 06:20:37,868 [INFO] Epoch [111/200] | Train Loss: 0.01720 | Val Loss: Skipped (Next Val: Epoch 120)
2026-06-02 06:22:44,181 [INFO] Epoch [112/200] | Train Loss: 0.01718 | Val Loss: Skipped (Next Val: Epoch 120)
2026-06-02 06:24:50,550 [INFO] Epoch [113/200] | Train Loss: 0.01721 | Val Loss: Skipped (Next Val: Epoch 120)
2026-06-02 06:26:56,470 [INFO] Epoch [114/200] | Train Loss: 0.01721 | Val Loss: Skipped (Next Val: Epoch 120)
2026-06-02 06:29:03,226 [INFO] Epoch [115/200] | Train Loss: 0.01720 | Val Loss: Skipped (Next Val: Epoch 120)
2026-06-02 06:31:09,556 [INFO] Epoch [116/200] | Train Loss: 0.01721 | Val Loss: Skipped (Next Val: Epoch 120)
2026-06-02 06:33:15,664 [INFO] Epoch [117/200] | Train Loss: 0.01720 | Val Loss: Skipped (Next Val: Epoch 120)
2026-06-02 06:35:21,933 [INFO] Epoch [118/200] | Train Loss: 0.01721 | Val Loss: Skipped (Next Val: Epoch 120)
2026-06-02 06:37:27,935 [INFO] Epoch [119/200] | Train Loss: 0.01722 | Val Loss: Skipped (Next Val: Epoch 120)
2026-06-02 06:40:05,488 [INFO] Epoch [120/200] | Train Loss: 0.01719 | Val Loss: 0.01724
2026-06-02 06:42:12,039 [INFO] Epoch [121/200] | Train Loss: 0.01718 | Val Loss: Skipped (Next Val: Epoch 130)
2026-06-02 06:44:18,504 [INFO] Epoch [122/200] | Train Loss: 0.01720 | Val Loss: Skipped (Next Val: Epoch 130)
2026-06-02 06:46:24,457 [INFO] Epoch [123/200] | Train Loss: 0.01719 | Val Loss: Skipped (Next Val: Epoch 130)
2026-06-02 06:48:31,043 [INFO] Epoch [124/200] | Train Loss: 0.01718 | Val Loss: Skipped (Next Val: Epoch 130)
2026-06-02 06:50:37,456 [INFO] Epoch [125/200] | Train Loss: 0.01718 | Val Loss: Skipped (Next Val: Epoch 130)
2026-06-02 06:52:43,886 [INFO] Epoch [126/200] | Train Loss: 0.01719 | Val Loss: Skipped (Next Val: Epoch 130)
2026-06-02 06:54:50,163 [INFO] Epoch [127/200] | Train Loss: 0.01717 | Val Loss: Skipped (Next Val: Epoch 130)
2026-06-02 06:56:56,028 [INFO] Epoch [128/200] | Train Loss: 0.01717 | Val Loss: Skipped (Next Val: Epoch 130)
2026-06-02 06:59:02,633 [INFO] Epoch [129/200] | Train Loss: 0.01718 | Val Loss: Skipped (Next Val: Epoch 130)
2026-06-02 07:01:39,906 [INFO] Epoch [130/200] | Train Loss: 0.01717 | Val Loss: 0.01727
2026-06-02 07:03:46,682 [INFO] Epoch [131/200] | Train Loss: 0.01715 | Val Loss: Skipped (Next Val: Epoch 140)
2026-06-02 07:05:52,626 [INFO] Epoch [132/200] | Train Loss: 0.01715 | Val Loss: Skipped (Next Val: Epoch 140)
2026-06-02 07:07:58,535 [INFO] Epoch [133/200] | Train Loss: 0.01715 | Val Loss: Skipped (Next Val: Epoch 140)
2026-06-02 07:10:05,239 [INFO] Epoch [134/200] | Train Loss: 0.01716 | Val Loss: Skipped (Next Val: Epoch 140)
2026-06-02 07:12:11,600 [INFO] Epoch [135/200] | Train Loss: 0.01714 | Val Loss: Skipped (Next Val: Epoch 140)
2026-06-02 07:14:18,152 [INFO] Epoch [136/200] | Train Loss: 0.01715 | Val Loss: Skipped (Next Val: Epoch 140)
2026-06-02 07:16:24,000 [INFO] Epoch [137/200] | Train Loss: 0.01713 | Val Loss: Skipped (Next Val: Epoch 140)
2026-06-02 07:18:30,392 [INFO] Epoch [138/200] | Train Loss: 0.01711 | Val Loss: Skipped (Next Val: Epoch 140)
2026-06-02 07:20:36,838 [INFO] Epoch [139/200] | Train Loss: 0.01710 | Val Loss: Skipped (Next Val: Epoch 140)
2026-06-02 07:23:14,120 [INFO] Epoch [140/200] | Train Loss: 0.01711 | Val Loss: 0.01733
2026-06-02 07:25:20,718 [INFO] Epoch [141/200] | Train Loss: 0.01709 | Val Loss: Skipped (Next Val: Epoch 150)
2026-06-02 07:27:26,675 [INFO] Epoch [142/200] | Train Loss: 0.01707 | Val Loss: Skipped (Next Val: Epoch 150)
2026-06-02 07:29:33,138 [INFO] Epoch [143/200] | Train Loss: 0.01709 | Val Loss: Skipped (Next Val: Epoch 150)
2026-06-02 07:31:39,584 [INFO] Epoch [144/200] | Train Loss: 0.01705 | Val Loss: Skipped (Next Val: Epoch 150)
2026-06-02 07:33:47,408 [INFO] Epoch [145/200] | Train Loss: 0.01707 | Val Loss: Skipped (Next Val: Epoch 150)
2026-06-02 07:35:53,596 [INFO] Epoch [146/200] | Train Loss: 0.01706 | Val Loss: Skipped (Next Val: Epoch 150)
2026-06-02 07:37:59,523 [INFO] Epoch [147/200] | Train Loss: 0.01702 | Val Loss: Skipped (Next Val: Epoch 150)
2026-06-02 07:40:05,948 [INFO] Epoch [148/200] | Train Loss: 0.01701 | Val Loss: Skipped (Next Val: Epoch 150)
2026-06-02 07:42:12,128 [INFO] Epoch [149/200] | Train Loss: 0.01703 | Val Loss: Skipped (Next Val: Epoch 150)
2026-06-02 07:44:49,181 [INFO] Epoch [150/200] | Train Loss: 0.01701 | Val Loss: 0.01699
2026-06-02 07:44:49,227 [INFO] ✨ 베스트 모델 갱신 (Val Loss: 0.01699)
2026-06-02 07:46:55,036 [INFO] Epoch [151/200] | Train Loss: 0.01701 | Val Loss: Skipped (Next Val: Epoch 160)
2026-06-02 07:49:01,084 [INFO] Epoch [152/200] | Train Loss: 0.01705 | Val Loss: Skipped (Next Val: Epoch 160)
2026-06-02 07:51:07,138 [INFO] Epoch [153/200] | Train Loss: 0.01701 | Val Loss: Skipped (Next Val: Epoch 160)
2026-06-02 07:53:13,395 [INFO] Epoch [154/200] | Train Loss: 0.01699 | Val Loss: Skipped (Next Val: Epoch 160)
2026-06-02 07:55:19,777 [INFO] Epoch [155/200] | Train Loss: 0.01701 | Val Loss: Skipped (Next Val: Epoch 160)
2026-06-02 07:57:25,462 [INFO] Epoch [156/200] | Train Loss: 0.01699 | Val Loss: Skipped (Next Val: Epoch 160)
2026-06-02 07:59:31,462 [INFO] Epoch [157/200] | Train Loss: 0.01699 | Val Loss: Skipped (Next Val: Epoch 160)
2026-06-02 08:01:37,604 [INFO] Epoch [158/200] | Train Loss: 0.01705 | Val Loss: Skipped (Next Val: Epoch 160)
2026-06-02 08:03:44,175 [INFO] Epoch [159/200] | Train Loss: 0.01701 | Val Loss: Skipped (Next Val: Epoch 160)
2026-06-02 08:06:20,902 [INFO] Epoch [160/200] | Train Loss: 0.01698 | Val Loss: 0.01737
2026-06-02 08:08:27,271 [INFO] Epoch [161/200] | Train Loss: 0.01701 | Val Loss: Skipped (Next Val: Epoch 170)
2026-06-02 08:10:32,846 [INFO] Epoch [162/200] | Train Loss: 0.01696 | Val Loss: Skipped (Next Val: Epoch 170)
2026-06-02 08:12:38,766 [INFO] Epoch [163/200] | Train Loss: 0.01703 | Val Loss: Skipped (Next Val: Epoch 170)
2026-06-02 08:14:45,023 [INFO] Epoch [164/200] | Train Loss: 0.01698 | Val Loss: Skipped (Next Val: Epoch 170)
2026-06-02 08:16:50,857 [INFO] Epoch [165/200] | Train Loss: 0.01696 | Val Loss: Skipped (Next Val: Epoch 170)
2026-06-02 08:18:56,882 [INFO] Epoch [166/200] | Train Loss: 0.01707 | Val Loss: Skipped (Next Val: Epoch 170)
2026-06-02 08:21:02,749 [INFO] Epoch [167/200] | Train Loss: 0.01698 | Val Loss: Skipped (Next Val: Epoch 170)
2026-06-02 08:23:09,059 [INFO] Epoch [168/200] | Train Loss: 0.01699 | Val Loss: Skipped (Next Val: Epoch 170)
2026-06-02 08:25:15,697 [INFO] Epoch [169/200] | Train Loss: 0.01697 | Val Loss: Skipped (Next Val: Epoch 170)
2026-06-02 08:27:52,086 [INFO] Epoch [170/200] | Train Loss: 0.01698 | Val Loss: 0.01727
2026-06-02 08:29:58,094 [INFO] Epoch [171/200] | Train Loss: 0.01700 | Val Loss: Skipped (Next Val: Epoch 180)
2026-06-02 08:32:04,137 [INFO] Epoch [172/200] | Train Loss: 0.01697 | Val Loss: Skipped (Next Val: Epoch 180)
2026-06-02 08:34:10,744 [INFO] Epoch [173/200] | Train Loss: 0.01699 | Val Loss: Skipped (Next Val: Epoch 180)
2026-06-02 08:36:16,860 [INFO] Epoch [174/200] | Train Loss: 0.01691 | Val Loss: Skipped (Next Val: Epoch 180)
2026-06-02 08:38:22,684 [INFO] Epoch [175/200] | Train Loss: 0.01697 | Val Loss: Skipped (Next Val: Epoch 180)
2026-06-02 08:40:28,597 [INFO] Epoch [176/200] | Train Loss: 0.01696 | Val Loss: Skipped (Next Val: Epoch 180)
2026-06-02 08:42:34,673 [INFO] Epoch [177/200] | Train Loss: 0.01697 | Val Loss: Skipped (Next Val: Epoch 180)
2026-06-02 08:44:41,467 [INFO] Epoch [178/200] | Train Loss: 0.01688 | Val Loss: Skipped (Next Val: Epoch 180)
2026-06-02 08:46:47,592 [INFO] Epoch [179/200] | Train Loss: 0.01695 | Val Loss: Skipped (Next Val: Epoch 180)
2026-06-02 08:49:24,277 [INFO] Epoch [180/200] | Train Loss: 0.01690 | Val Loss: 0.01684
2026-06-02 08:49:24,328 [INFO] ✨ 베스트 모델 갱신 (Val Loss: 0.01684)
2026-06-02 08:51:30,107 [INFO] Epoch [181/200] | Train Loss: 0.01688 | Val Loss: Skipped (Next Val: Epoch 190)
2026-06-02 08:53:36,721 [INFO] Epoch [182/200] | Train Loss: 0.01696 | Val Loss: Skipped (Next Val: Epoch 190)
2026-06-02 08:55:42,907 [INFO] Epoch [183/200] | Train Loss: 0.01691 | Val Loss: Skipped (Next Val: Epoch 190)
2026-06-02 08:57:48,785 [INFO] Epoch [184/200] | Train Loss: 0.01694 | Val Loss: Skipped (Next Val: Epoch 190)
2026-06-02 08:59:54,930 [INFO] Epoch [185/200] | Train Loss: 0.01695 | Val Loss: Skipped (Next Val: Epoch 190)
2026-06-02 09:02:00,770 [INFO] Epoch [186/200] | Train Loss: 0.01694 | Val Loss: Skipped (Next Val: Epoch 190)
2026-06-02 09:04:07,419 [INFO] Epoch [187/200] | Train Loss: 0.01696 | Val Loss: Skipped (Next Val: Epoch 190)
2026-06-02 09:06:13,738 [INFO] Epoch [188/200] | Train Loss: 0.01693 | Val Loss: Skipped (Next Val: Epoch 190)
2026-06-02 09:08:19,513 [INFO] Epoch [189/200] | Train Loss: 0.01689 | Val Loss: Skipped (Next Val: Epoch 190)
2026-06-02 09:10:56,362 [INFO] Epoch [190/200] | Train Loss: 0.01692 | Val Loss: 0.01688
2026-06-02 09:13:02,372 [INFO] Epoch [191/200] | Train Loss: 0.01690 | Val Loss: Skipped (Next Val: Epoch 200)
2026-06-02 09:15:08,922 [INFO] Epoch [192/200] | Train Loss: 0.01693 | Val Loss: Skipped (Next Val: Epoch 200)
2026-06-02 09:17:15,176 [INFO] Epoch [193/200] | Train Loss: 0.01691 | Val Loss: Skipped (Next Val: Epoch 200)
2026-06-02 09:19:20,949 [INFO] Epoch [194/200] | Train Loss: 0.01690 | Val Loss: Skipped (Next Val: Epoch 200)
2026-06-02 09:21:26,754 [INFO] Epoch [195/200] | Train Loss: 0.01688 | Val Loss: Skipped (Next Val: Epoch 200)
2026-06-02 09:23:33,337 [INFO] Epoch [196/200] | Train Loss: 0.01691 | Val Loss: Skipped (Next Val: Epoch 200)
2026-06-02 09:25:39,757 [INFO] Epoch [197/200] | Train Loss: 0.01686 | Val Loss: Skipped (Next Val: Epoch 200)
2026-06-02 09:27:45,993 [INFO] Epoch [198/200] | Train Loss: 0.01690 | Val Loss: Skipped (Next Val: Epoch 200)
2026-06-02 09:29:52,181 [INFO] Epoch [199/200] | Train Loss: 0.01691 | Val Loss: Skipped (Next Val: Epoch 200)
2026-06-02 09:32:28,807 [INFO] Epoch [200/200] | Train Loss: 0.01687 | Val Loss: 0.01743
2026-06-02 09:32:28,808 [INFO] 🎉 학습 완료!
