2026-06-08 00:35:15,403 [INFO] 🔥 학습 시작: 총 200 에포크 | Train: 28512 | Val: 7128
2026-06-08 03:50:23,251 [INFO] 🔥 학습 시작: 총 200 에포크 | Train: 28512 | Val: 7128
2026-06-08 03:53:36,988 [INFO] Epoch [001/200] | Train Loss: 0.10078 | Val Loss: 0.02350
2026-06-08 03:53:37,042 [INFO] ✨ 베스트 모델 갱신 (Val Loss: 0.02350)
2026-06-08 03:55:53,159 [INFO] Epoch [002/200] | Train Loss: 0.02006 | Val Loss: Skipped (Next Val: Epoch 10)
2026-06-08 03:58:08,849 [INFO] Epoch [003/200] | Train Loss: 0.01829 | Val Loss: Skipped (Next Val: Epoch 10)
2026-06-08 04:00:24,597 [INFO] Epoch [004/200] | Train Loss: 0.01795 | Val Loss: Skipped (Next Val: Epoch 10)
2026-06-08 04:02:40,792 [INFO] Epoch [005/200] | Train Loss: 0.01778 | Val Loss: Skipped (Next Val: Epoch 10)
2026-06-08 04:04:56,749 [INFO] Epoch [006/200] | Train Loss: 0.01772 | Val Loss: Skipped (Next Val: Epoch 10)
2026-06-08 04:07:12,993 [INFO] Epoch [007/200] | Train Loss: 0.01767 | Val Loss: Skipped (Next Val: Epoch 10)
2026-06-08 04:09:28,934 [INFO] Epoch [008/200] | Train Loss: 0.01761 | Val Loss: Skipped (Next Val: Epoch 10)
2026-06-08 04:11:45,187 [INFO] Epoch [009/200] | Train Loss: 0.01762 | Val Loss: Skipped (Next Val: Epoch 10)
2026-06-08 04:14:34,409 [INFO] Epoch [010/200] | Train Loss: 0.01750 | Val Loss: 0.01774
2026-06-08 04:14:34,459 [INFO] ✨ 베스트 모델 갱신 (Val Loss: 0.01774)
2026-06-08 04:16:50,658 [INFO] Epoch [011/200] | Train Loss: 0.01754 | Val Loss: Skipped (Next Val: Epoch 20)
2026-06-08 04:19:06,175 [INFO] Epoch [012/200] | Train Loss: 0.01756 | Val Loss: Skipped (Next Val: Epoch 20)
2026-06-08 04:21:22,174 [INFO] Epoch [013/200] | Train Loss: 0.01753 | Val Loss: Skipped (Next Val: Epoch 20)
2026-06-08 04:23:37,702 [INFO] Epoch [014/200] | Train Loss: 0.01749 | Val Loss: Skipped (Next Val: Epoch 20)
2026-06-08 04:25:54,408 [INFO] Epoch [015/200] | Train Loss: 0.01746 | Val Loss: Skipped (Next Val: Epoch 20)
2026-06-08 04:28:10,204 [INFO] Epoch [016/200] | Train Loss: 0.01747 | Val Loss: Skipped (Next Val: Epoch 20)
2026-06-08 04:30:26,054 [INFO] Epoch [017/200] | Train Loss: 0.01744 | Val Loss: Skipped (Next Val: Epoch 20)
2026-06-08 04:32:42,266 [INFO] Epoch [018/200] | Train Loss: 0.01742 | Val Loss: Skipped (Next Val: Epoch 20)
2026-06-08 04:34:58,186 [INFO] Epoch [019/200] | Train Loss: 0.01747 | Val Loss: Skipped (Next Val: Epoch 20)
2026-06-08 04:37:47,506 [INFO] Epoch [020/200] | Train Loss: 0.01743 | Val Loss: 0.01744
2026-06-08 04:37:47,558 [INFO] ✨ 베스트 모델 갱신 (Val Loss: 0.01744)
2026-06-08 04:40:03,269 [INFO] Epoch [021/200] | Train Loss: 0.01745 | Val Loss: Skipped (Next Val: Epoch 30)
2026-06-08 04:42:19,282 [INFO] Epoch [022/200] | Train Loss: 0.01747 | Val Loss: Skipped (Next Val: Epoch 30)
2026-06-08 04:44:34,893 [INFO] Epoch [023/200] | Train Loss: 0.01739 | Val Loss: Skipped (Next Val: Epoch 30)
2026-06-08 04:46:51,146 [INFO] Epoch [024/200] | Train Loss: 0.01744 | Val Loss: Skipped (Next Val: Epoch 30)
2026-06-08 04:49:07,130 [INFO] Epoch [025/200] | Train Loss: 0.01741 | Val Loss: Skipped (Next Val: Epoch 30)
2026-06-08 04:51:23,472 [INFO] Epoch [026/200] | Train Loss: 0.01741 | Val Loss: Skipped (Next Val: Epoch 30)
2026-06-08 04:53:39,430 [INFO] Epoch [027/200] | Train Loss: 0.01735 | Val Loss: Skipped (Next Val: Epoch 30)
2026-06-08 04:55:55,699 [INFO] Epoch [028/200] | Train Loss: 0.01736 | Val Loss: Skipped (Next Val: Epoch 30)
2026-06-08 04:58:11,429 [INFO] Epoch [029/200] | Train Loss: 0.01742 | Val Loss: Skipped (Next Val: Epoch 30)
2026-06-08 05:01:00,632 [INFO] Epoch [030/200] | Train Loss: 0.01741 | Val Loss: 0.01734
2026-06-08 05:01:00,686 [INFO] ✨ 베스트 모델 갱신 (Val Loss: 0.01734)
2026-06-08 05:03:16,465 [INFO] Epoch [031/200] | Train Loss: 0.01739 | Val Loss: Skipped (Next Val: Epoch 40)
2026-06-08 05:05:32,026 [INFO] Epoch [032/200] | Train Loss: 0.01734 | Val Loss: Skipped (Next Val: Epoch 40)
2026-06-08 05:07:48,070 [INFO] Epoch [033/200] | Train Loss: 0.01737 | Val Loss: Skipped (Next Val: Epoch 40)
2026-06-08 05:10:03,967 [INFO] Epoch [034/200] | Train Loss: 0.01735 | Val Loss: Skipped (Next Val: Epoch 40)
2026-06-08 05:12:20,210 [INFO] Epoch [035/200] | Train Loss: 0.01735 | Val Loss: Skipped (Next Val: Epoch 40)
2026-06-08 05:14:36,130 [INFO] Epoch [036/200] | Train Loss: 0.01736 | Val Loss: Skipped (Next Val: Epoch 40)
2026-06-08 05:16:52,425 [INFO] Epoch [037/200] | Train Loss: 0.01735 | Val Loss: Skipped (Next Val: Epoch 40)
2026-06-08 05:19:08,292 [INFO] Epoch [038/200] | Train Loss: 0.01735 | Val Loss: Skipped (Next Val: Epoch 40)
2026-06-08 05:21:24,300 [INFO] Epoch [039/200] | Train Loss: 0.01735 | Val Loss: Skipped (Next Val: Epoch 40)
2026-06-08 05:24:13,267 [INFO] Epoch [040/200] | Train Loss: 0.01737 | Val Loss: 0.01762
2026-06-08 05:26:29,224 [INFO] Epoch [041/200] | Train Loss: 0.01736 | Val Loss: Skipped (Next Val: Epoch 50)
2026-06-08 05:28:44,933 [INFO] Epoch [042/200] | Train Loss: 0.01733 | Val Loss: Skipped (Next Val: Epoch 50)
2026-06-08 05:31:01,178 [INFO] Epoch [043/200] | Train Loss: 0.01733 | Val Loss: Skipped (Next Val: Epoch 50)
2026-06-08 05:33:17,035 [INFO] Epoch [044/200] | Train Loss: 0.01736 | Val Loss: Skipped (Next Val: Epoch 50)
2026-06-08 05:35:32,952 [INFO] Epoch [045/200] | Train Loss: 0.01730 | Val Loss: Skipped (Next Val: Epoch 50)
2026-06-08 05:37:49,209 [INFO] Epoch [046/200] | Train Loss: 0.01730 | Val Loss: Skipped (Next Val: Epoch 50)
2026-06-08 05:40:05,066 [INFO] Epoch [047/200] | Train Loss: 0.01732 | Val Loss: Skipped (Next Val: Epoch 50)
2026-06-08 05:42:20,969 [INFO] Epoch [048/200] | Train Loss: 0.01733 | Val Loss: Skipped (Next Val: Epoch 50)
2026-06-08 05:44:36,574 [INFO] Epoch [049/200] | Train Loss: 0.01732 | Val Loss: Skipped (Next Val: Epoch 50)
2026-06-08 05:47:25,789 [INFO] Epoch [050/200] | Train Loss: 0.01732 | Val Loss: 0.01763
2026-06-08 05:49:41,506 [INFO] Epoch [051/200] | Train Loss: 0.01734 | Val Loss: Skipped (Next Val: Epoch 60)
2026-06-08 05:51:57,665 [INFO] Epoch [052/200] | Train Loss: 0.01732 | Val Loss: Skipped (Next Val: Epoch 60)
2026-06-08 05:54:13,588 [INFO] Epoch [053/200] | Train Loss: 0.01732 | Val Loss: Skipped (Next Val: Epoch 60)
2026-06-08 05:56:29,878 [INFO] Epoch [054/200] | Train Loss: 0.01731 | Val Loss: Skipped (Next Val: Epoch 60)
2026-06-08 05:58:45,690 [INFO] Epoch [055/200] | Train Loss: 0.01730 | Val Loss: Skipped (Next Val: Epoch 60)
2026-06-08 06:01:02,023 [INFO] Epoch [056/200] | Train Loss: 0.01730 | Val Loss: Skipped (Next Val: Epoch 60)
2026-06-08 06:03:17,707 [INFO] Epoch [057/200] | Train Loss: 0.01730 | Val Loss: Skipped (Next Val: Epoch 60)
2026-06-08 06:05:33,252 [INFO] Epoch [058/200] | Train Loss: 0.01727 | Val Loss: Skipped (Next Val: Epoch 60)
2026-06-08 06:07:49,157 [INFO] Epoch [059/200] | Train Loss: 0.01730 | Val Loss: Skipped (Next Val: Epoch 60)
2026-06-08 06:10:38,200 [INFO] Epoch [060/200] | Train Loss: 0.01730 | Val Loss: 0.01772
2026-06-08 06:12:54,161 [INFO] Epoch [061/200] | Train Loss: 0.01731 | Val Loss: Skipped (Next Val: Epoch 70)
2026-06-08 06:15:10,144 [INFO] Epoch [062/200] | Train Loss: 0.01730 | Val Loss: Skipped (Next Val: Epoch 70)
2026-06-08 06:17:26,323 [INFO] Epoch [063/200] | Train Loss: 0.01731 | Val Loss: Skipped (Next Val: Epoch 70)
2026-06-08 06:19:42,101 [INFO] Epoch [064/200] | Train Loss: 0.01729 | Val Loss: Skipped (Next Val: Epoch 70)
2026-06-08 06:21:58,276 [INFO] Epoch [065/200] | Train Loss: 0.01729 | Val Loss: Skipped (Next Val: Epoch 70)
2026-06-08 06:24:14,047 [INFO] Epoch [066/200] | Train Loss: 0.01727 | Val Loss: Skipped (Next Val: Epoch 70)
2026-06-08 06:26:29,893 [INFO] Epoch [067/200] | Train Loss: 0.01731 | Val Loss: Skipped (Next Val: Epoch 70)
2026-06-08 06:28:45,359 [INFO] Epoch [068/200] | Train Loss: 0.01729 | Val Loss: Skipped (Next Val: Epoch 70)
2026-06-08 06:31:01,229 [INFO] Epoch [069/200] | Train Loss: 0.01727 | Val Loss: Skipped (Next Val: Epoch 70)
2026-06-08 06:33:50,054 [INFO] Epoch [070/200] | Train Loss: 0.01724 | Val Loss: 0.01740
2026-06-08 06:36:06,226 [INFO] Epoch [071/200] | Train Loss: 0.01727 | Val Loss: Skipped (Next Val: Epoch 80)
2026-06-08 06:38:22,129 [INFO] Epoch [072/200] | Train Loss: 0.01728 | Val Loss: Skipped (Next Val: Epoch 80)
2026-06-08 06:40:38,152 [INFO] Epoch [073/200] | Train Loss: 0.01730 | Val Loss: Skipped (Next Val: Epoch 80)
2026-06-08 06:42:54,278 [INFO] Epoch [074/200] | Train Loss: 0.01726 | Val Loss: Skipped (Next Val: Epoch 80)
2026-06-08 06:45:10,185 [INFO] Epoch [075/200] | Train Loss: 0.01730 | Val Loss: Skipped (Next Val: Epoch 80)
2026-06-08 06:47:26,216 [INFO] Epoch [076/200] | Train Loss: 0.01726 | Val Loss: Skipped (Next Val: Epoch 80)
2026-06-08 06:49:41,788 [INFO] Epoch [077/200] | Train Loss: 0.01726 | Val Loss: Skipped (Next Val: Epoch 80)
2026-06-08 06:51:57,751 [INFO] Epoch [078/200] | Train Loss: 0.01728 | Val Loss: Skipped (Next Val: Epoch 80)
2026-06-08 06:54:13,277 [INFO] Epoch [079/200] | Train Loss: 0.01728 | Val Loss: Skipped (Next Val: Epoch 80)
2026-06-08 06:57:02,623 [INFO] Epoch [080/200] | Train Loss: 0.01727 | Val Loss: 0.01727
2026-06-08 06:57:02,677 [INFO] ✨ 베스트 모델 갱신 (Val Loss: 0.01727)
2026-06-08 06:59:18,553 [INFO] Epoch [081/200] | Train Loss: 0.01728 | Val Loss: Skipped (Next Val: Epoch 90)
2026-06-08 07:01:34,687 [INFO] Epoch [082/200] | Train Loss: 0.01726 | Val Loss: Skipped (Next Val: Epoch 90)
2026-06-08 07:03:50,641 [INFO] Epoch [083/200] | Train Loss: 0.01725 | Val Loss: Skipped (Next Val: Epoch 90)
2026-06-08 07:06:06,877 [INFO] Epoch [084/200] | Train Loss: 0.01724 | Val Loss: Skipped (Next Val: Epoch 90)
2026-06-08 07:08:22,558 [INFO] Epoch [085/200] | Train Loss: 0.01726 | Val Loss: Skipped (Next Val: Epoch 90)
2026-06-08 07:10:38,263 [INFO] Epoch [086/200] | Train Loss: 0.01728 | Val Loss: Skipped (Next Val: Epoch 90)
2026-06-08 07:12:53,978 [INFO] Epoch [087/200] | Train Loss: 0.01726 | Val Loss: Skipped (Next Val: Epoch 90)
2026-06-08 07:15:10,932 [INFO] Epoch [088/200] | Train Loss: 0.01726 | Val Loss: Skipped (Next Val: Epoch 90)
2026-06-08 07:17:26,731 [INFO] Epoch [089/200] | Train Loss: 0.01726 | Val Loss: Skipped (Next Val: Epoch 90)
2026-06-08 07:20:15,772 [INFO] Epoch [090/200] | Train Loss: 0.01726 | Val Loss: 0.01739
2026-06-08 07:22:32,085 [INFO] Epoch [091/200] | Train Loss: 0.01724 | Val Loss: Skipped (Next Val: Epoch 100)
2026-06-08 07:24:47,835 [INFO] Epoch [092/200] | Train Loss: 0.01727 | Val Loss: Skipped (Next Val: Epoch 100)
2026-06-08 07:27:03,985 [INFO] Epoch [093/200] | Train Loss: 0.01726 | Val Loss: Skipped (Next Val: Epoch 100)
2026-06-08 07:29:19,798 [INFO] Epoch [094/200] | Train Loss: 0.01726 | Val Loss: Skipped (Next Val: Epoch 100)
2026-06-08 07:31:35,641 [INFO] Epoch [095/200] | Train Loss: 0.01726 | Val Loss: Skipped (Next Val: Epoch 100)
2026-06-08 07:33:51,042 [INFO] Epoch [096/200] | Train Loss: 0.01728 | Val Loss: Skipped (Next Val: Epoch 100)
2026-06-08 07:36:06,838 [INFO] Epoch [097/200] | Train Loss: 0.01725 | Val Loss: Skipped (Next Val: Epoch 100)
2026-06-08 07:38:22,381 [INFO] Epoch [098/200] | Train Loss: 0.01726 | Val Loss: Skipped (Next Val: Epoch 100)
2026-06-08 07:40:38,056 [INFO] Epoch [099/200] | Train Loss: 0.01723 | Val Loss: Skipped (Next Val: Epoch 100)
2026-06-08 07:43:27,553 [INFO] Epoch [100/200] | Train Loss: 0.01723 | Val Loss: 0.01717
2026-06-08 07:43:27,602 [INFO] ✨ 베스트 모델 갱신 (Val Loss: 0.01717)
2026-06-08 07:45:43,855 [INFO] Epoch [101/200] | Train Loss: 0.01725 | Val Loss: Skipped (Next Val: Epoch 110)
2026-06-08 07:47:59,710 [INFO] Epoch [102/200] | Train Loss: 0.01728 | Val Loss: Skipped (Next Val: Epoch 110)
2026-06-08 07:50:15,555 [INFO] Epoch [103/200] | Train Loss: 0.01723 | Val Loss: Skipped (Next Val: Epoch 110)
2026-06-08 07:52:31,538 [INFO] Epoch [104/200] | Train Loss: 0.01723 | Val Loss: Skipped (Next Val: Epoch 110)
2026-06-08 07:54:47,100 [INFO] Epoch [105/200] | Train Loss: 0.01722 | Val Loss: Skipped (Next Val: Epoch 110)
2026-06-08 07:57:02,907 [INFO] Epoch [106/200] | Train Loss: 0.01726 | Val Loss: Skipped (Next Val: Epoch 110)
2026-06-08 07:59:18,357 [INFO] Epoch [107/200] | Train Loss: 0.01725 | Val Loss: Skipped (Next Val: Epoch 110)
2026-06-08 08:01:34,418 [INFO] Epoch [108/200] | Train Loss: 0.01727 | Val Loss: Skipped (Next Val: Epoch 110)
2026-06-08 08:03:50,175 [INFO] Epoch [109/200] | Train Loss: 0.01724 | Val Loss: Skipped (Next Val: Epoch 110)
2026-06-08 08:06:39,796 [INFO] Epoch [110/200] | Train Loss: 0.01725 | Val Loss: 0.01749
2026-06-08 08:08:55,675 [INFO] Epoch [111/200] | Train Loss: 0.01724 | Val Loss: Skipped (Next Val: Epoch 120)
2026-06-08 08:11:11,889 [INFO] Epoch [112/200] | Train Loss: 0.01725 | Val Loss: Skipped (Next Val: Epoch 120)
2026-06-08 08:13:27,597 [INFO] Epoch [113/200] | Train Loss: 0.01723 | Val Loss: Skipped (Next Val: Epoch 120)
2026-06-08 08:15:43,076 [INFO] Epoch [114/200] | Train Loss: 0.01725 | Val Loss: Skipped (Next Val: Epoch 120)
2026-06-08 08:17:58,870 [INFO] Epoch [115/200] | Train Loss: 0.01724 | Val Loss: Skipped (Next Val: Epoch 120)
2026-06-08 08:20:14,502 [INFO] Epoch [116/200] | Train Loss: 0.01724 | Val Loss: Skipped (Next Val: Epoch 120)
2026-06-08 08:22:30,262 [INFO] Epoch [117/200] | Train Loss: 0.01723 | Val Loss: Skipped (Next Val: Epoch 120)
2026-06-08 08:24:46,158 [INFO] Epoch [118/200] | Train Loss: 0.01722 | Val Loss: Skipped (Next Val: Epoch 120)
2026-06-08 08:27:02,434 [INFO] Epoch [119/200] | Train Loss: 0.01721 | Val Loss: Skipped (Next Val: Epoch 120)
2026-06-08 08:29:51,728 [INFO] Epoch [120/200] | Train Loss: 0.01722 | Val Loss: 0.01724
2026-06-08 08:32:08,178 [INFO] Epoch [121/200] | Train Loss: 0.01721 | Val Loss: Skipped (Next Val: Epoch 130)
2026-06-08 08:34:24,190 [INFO] Epoch [122/200] | Train Loss: 0.01724 | Val Loss: Skipped (Next Val: Epoch 130)
2026-06-08 08:36:40,328 [INFO] Epoch [123/200] | Train Loss: 0.01726 | Val Loss: Skipped (Next Val: Epoch 130)
2026-06-08 08:38:55,931 [INFO] Epoch [124/200] | Train Loss: 0.01723 | Val Loss: Skipped (Next Val: Epoch 130)
2026-06-08 08:41:12,031 [INFO] Epoch [125/200] | Train Loss: 0.01723 | Val Loss: Skipped (Next Val: Epoch 130)
2026-06-08 08:43:27,696 [INFO] Epoch [126/200] | Train Loss: 0.01724 | Val Loss: Skipped (Next Val: Epoch 130)
2026-06-08 08:45:43,592 [INFO] Epoch [127/200] | Train Loss: 0.01724 | Val Loss: Skipped (Next Val: Epoch 130)
2026-06-08 08:47:59,846 [INFO] Epoch [128/200] | Train Loss: 0.01721 | Val Loss: Skipped (Next Val: Epoch 130)
2026-06-08 08:50:15,838 [INFO] Epoch [129/200] | Train Loss: 0.01723 | Val Loss: Skipped (Next Val: Epoch 130)
2026-06-08 08:53:05,810 [INFO] Epoch [130/200] | Train Loss: 0.01721 | Val Loss: 0.01753
2026-06-08 08:55:21,887 [INFO] Epoch [131/200] | Train Loss: 0.01721 | Val Loss: Skipped (Next Val: Epoch 140)
2026-06-08 08:57:38,051 [INFO] Epoch [132/200] | Train Loss: 0.01721 | Val Loss: Skipped (Next Val: Epoch 140)
2026-06-08 08:59:53,785 [INFO] Epoch [133/200] | Train Loss: 0.01723 | Val Loss: Skipped (Next Val: Epoch 140)
2026-06-08 09:02:09,828 [INFO] Epoch [134/200] | Train Loss: 0.01722 | Val Loss: Skipped (Next Val: Epoch 140)
2026-06-08 09:04:25,493 [INFO] Epoch [135/200] | Train Loss: 0.01720 | Val Loss: Skipped (Next Val: Epoch 140)
2026-06-08 09:06:48,091 [INFO] Epoch [136/200] | Train Loss: 0.01721 | Val Loss: Skipped (Next Val: Epoch 140)
2026-06-08 09:09:06,501 [INFO] Epoch [137/200] | Train Loss: 0.01721 | Val Loss: Skipped (Next Val: Epoch 140)
2026-06-08 09:11:22,547 [INFO] Epoch [138/200] | Train Loss: 0.01722 | Val Loss: Skipped (Next Val: Epoch 140)
2026-06-08 09:13:38,234 [INFO] Epoch [139/200] | Train Loss: 0.01720 | Val Loss: Skipped (Next Val: Epoch 140)
2026-06-08 09:16:29,793 [INFO] Epoch [140/200] | Train Loss: 0.01721 | Val Loss: 0.01718
2026-06-08 09:18:45,438 [INFO] Epoch [141/200] | Train Loss: 0.01721 | Val Loss: Skipped (Next Val: Epoch 150)
2026-06-08 09:21:01,222 [INFO] Epoch [142/200] | Train Loss: 0.01722 | Val Loss: Skipped (Next Val: Epoch 150)
2026-06-08 09:23:16,754 [INFO] Epoch [143/200] | Train Loss: 0.01720 | Val Loss: Skipped (Next Val: Epoch 150)
2026-06-08 09:25:32,280 [INFO] Epoch [144/200] | Train Loss: 0.01720 | Val Loss: Skipped (Next Val: Epoch 150)
2026-06-08 09:27:48,172 [INFO] Epoch [145/200] | Train Loss: 0.01721 | Val Loss: Skipped (Next Val: Epoch 150)
2026-06-08 09:30:03,795 [INFO] Epoch [146/200] | Train Loss: 0.01720 | Val Loss: Skipped (Next Val: Epoch 150)
2026-06-08 09:32:19,721 [INFO] Epoch [147/200] | Train Loss: 0.01719 | Val Loss: Skipped (Next Val: Epoch 150)
2026-06-08 09:34:35,538 [INFO] Epoch [148/200] | Train Loss: 0.01724 | Val Loss: Skipped (Next Val: Epoch 150)
2026-06-08 09:36:51,208 [INFO] Epoch [149/200] | Train Loss: 0.01721 | Val Loss: Skipped (Next Val: Epoch 150)
2026-06-08 09:39:40,268 [INFO] Epoch [150/200] | Train Loss: 0.01720 | Val Loss: 0.01720
2026-06-08 09:41:56,154 [INFO] Epoch [151/200] | Train Loss: 0.01717 | Val Loss: Skipped (Next Val: Epoch 160)
2026-06-08 09:44:11,501 [INFO] Epoch [152/200] | Train Loss: 0.01720 | Val Loss: Skipped (Next Val: Epoch 160)
2026-06-08 09:46:27,060 [INFO] Epoch [153/200] | Train Loss: 0.01720 | Val Loss: Skipped (Next Val: Epoch 160)
2026-06-08 09:48:42,404 [INFO] Epoch [154/200] | Train Loss: 0.01718 | Val Loss: Skipped (Next Val: Epoch 160)
2026-06-08 09:50:57,930 [INFO] Epoch [155/200] | Train Loss: 0.01721 | Val Loss: Skipped (Next Val: Epoch 160)
2026-06-08 09:53:13,527 [INFO] Epoch [156/200] | Train Loss: 0.01717 | Val Loss: Skipped (Next Val: Epoch 160)
2026-06-08 09:55:29,036 [INFO] Epoch [157/200] | Train Loss: 0.01720 | Val Loss: Skipped (Next Val: Epoch 160)
2026-06-08 09:57:44,912 [INFO] Epoch [158/200] | Train Loss: 0.01718 | Val Loss: Skipped (Next Val: Epoch 160)
2026-06-08 10:00:00,439 [INFO] Epoch [159/200] | Train Loss: 0.01716 | Val Loss: Skipped (Next Val: Epoch 160)
2026-06-08 10:02:49,865 [INFO] Epoch [160/200] | Train Loss: 0.01713 | Val Loss: 0.01716
2026-06-08 10:02:49,913 [INFO] ✨ 베스트 모델 갱신 (Val Loss: 0.01716)
2026-06-08 10:05:12,052 [INFO] Epoch [161/200] | Train Loss: 0.01717 | Val Loss: Skipped (Next Val: Epoch 170)
2026-06-08 10:07:30,082 [INFO] Epoch [162/200] | Train Loss: 0.01716 | Val Loss: Skipped (Next Val: Epoch 170)
2026-06-08 10:09:45,689 [INFO] Epoch [163/200] | Train Loss: 0.01716 | Val Loss: Skipped (Next Val: Epoch 170)
2026-06-08 10:12:02,746 [INFO] Epoch [164/200] | Train Loss: 0.01713 | Val Loss: Skipped (Next Val: Epoch 170)
2026-06-08 10:14:19,564 [INFO] Epoch [165/200] | Train Loss: 0.01716 | Val Loss: Skipped (Next Val: Epoch 170)
2026-06-08 10:16:36,413 [INFO] Epoch [166/200] | Train Loss: 0.01710 | Val Loss: Skipped (Next Val: Epoch 170)
2026-06-08 10:18:53,890 [INFO] Epoch [167/200] | Train Loss: 0.01712 | Val Loss: Skipped (Next Val: Epoch 170)
2026-06-08 10:21:11,022 [INFO] Epoch [168/200] | Train Loss: 0.01712 | Val Loss: Skipped (Next Val: Epoch 170)
2026-06-08 10:23:28,135 [INFO] Epoch [169/200] | Train Loss: 0.01708 | Val Loss: Skipped (Next Val: Epoch 170)
2026-06-08 10:26:18,711 [INFO] Epoch [170/200] | Train Loss: 0.01710 | Val Loss: 0.01720
2026-06-08 10:28:34,373 [INFO] Epoch [171/200] | Train Loss: 0.01710 | Val Loss: Skipped (Next Val: Epoch 180)
2026-06-08 10:30:49,984 [INFO] Epoch [172/200] | Train Loss: 0.01710 | Val Loss: Skipped (Next Val: Epoch 180)
2026-06-08 10:33:05,534 [INFO] Epoch [173/200] | Train Loss: 0.01711 | Val Loss: Skipped (Next Val: Epoch 180)
2026-06-08 10:35:20,782 [INFO] Epoch [174/200] | Train Loss: 0.01712 | Val Loss: Skipped (Next Val: Epoch 180)
2026-06-08 10:37:36,315 [INFO] Epoch [175/200] | Train Loss: 0.01708 | Val Loss: Skipped (Next Val: Epoch 180)
2026-06-08 10:39:51,834 [INFO] Epoch [176/200] | Train Loss: 0.01706 | Val Loss: Skipped (Next Val: Epoch 180)
2026-06-08 11:16:37,958 [INFO] 🔥 Resume Epoch 150 -> 200 | Train: 28512 | Val: 7128
2026-06-08 11:19:32,372 [INFO] Epoch [151/200] | Train Loss: 0.01718 | Val Loss: 0.01719
2026-06-08 11:19:32,430 [INFO] ✨ Best Model Updated (Val=0.01719)
2026-06-08 11:21:51,265 [INFO] Epoch [152/200] | Train Loss: 0.01714
2026-06-08 11:24:10,832 [INFO] Epoch [153/200] | Train Loss: 0.01717
2026-06-08 11:26:29,690 [INFO] Epoch [154/200] | Train Loss: 0.01717
2026-06-08 11:28:47,427 [INFO] Epoch [155/200] | Train Loss: 0.01716
2026-06-08 11:31:04,425 [INFO] Epoch [156/200] | Train Loss: 0.01714
2026-06-08 11:33:22,676 [INFO] Epoch [157/200] | Train Loss: 0.01714
2026-06-08 11:35:40,530 [INFO] Epoch [158/200] | Train Loss: 0.01712
2026-06-08 11:37:59,432 [INFO] Epoch [159/200] | Train Loss: 0.01715
2026-06-08 11:40:52,973 [INFO] Epoch [160/200] | Train Loss: 0.01714 | Val Loss: 0.01716
2026-06-08 11:40:53,027 [INFO] ✨ Best Model Updated (Val=0.01716)
2026-06-08 11:43:11,892 [INFO] Epoch [161/200] | Train Loss: 0.01711
2026-06-08 11:45:29,505 [INFO] Epoch [162/200] | Train Loss: 0.01713
2026-06-08 11:47:47,072 [INFO] Epoch [163/200] | Train Loss: 0.01714
2026-06-08 11:50:04,863 [INFO] Epoch [164/200] | Train Loss: 0.01711
2026-06-08 11:52:22,187 [INFO] Epoch [165/200] | Train Loss: 0.01710
2026-06-08 11:54:40,357 [INFO] Epoch [166/200] | Train Loss: 0.01712
2026-06-08 11:56:58,028 [INFO] Epoch [167/200] | Train Loss: 0.01712
2026-06-08 11:59:15,847 [INFO] Epoch [168/200] | Train Loss: 0.01711
2026-06-08 12:01:33,939 [INFO] Epoch [169/200] | Train Loss: 0.01710
2026-06-08 12:04:24,800 [INFO] Epoch [170/200] | Train Loss: 0.01709 | Val Loss: 0.01722
2026-06-08 12:06:42,210 [INFO] Epoch [171/200] | Train Loss: 0.01709
2026-06-08 12:08:59,773 [INFO] Epoch [172/200] | Train Loss: 0.01708
2026-06-08 12:11:17,379 [INFO] Epoch [173/200] | Train Loss: 0.01704
2026-06-08 12:13:35,091 [INFO] Epoch [174/200] | Train Loss: 0.01707
2026-06-08 12:15:52,646 [INFO] Epoch [175/200] | Train Loss: 0.01704
2026-06-08 12:18:09,586 [INFO] Epoch [176/200] | Train Loss: 0.01704
2026-06-08 12:20:27,078 [INFO] Epoch [177/200] | Train Loss: 0.01701
2026-06-08 12:22:45,440 [INFO] Epoch [178/200] | Train Loss: 0.01707
2026-06-08 12:25:01,826 [INFO] Epoch [179/200] | Train Loss: 0.01711
2026-06-08 12:27:52,120 [INFO] Epoch [180/200] | Train Loss: 0.01703 | Val Loss: 0.01752
2026-06-08 12:30:08,412 [INFO] Epoch [181/200] | Train Loss: 0.01705
  2026-06-08 12:32:26,333 [INFO] Epoch [182/200] | Train Loss: 0.01703
2026-06-08 12:34:50,924 [INFO] Epoch [183/200] | Train Loss: 0.01701
2026-06-08 12:37:08,004 [INFO] Epoch [184/200] | Train Loss: 0.01703
2026-06-08 12:39:25,222 [INFO] Epoch [185/200] | Train Loss: 0.01710
2026-06-08 12:41:42,250 [INFO] Epoch [186/200] | Train Loss: 0.01700
2026-06-08 12:43:58,963 [INFO] Epoch [187/200] | Train Loss: 0.01705
2026-06-08 12:46:15,681 [INFO] Epoch [188/200] | Train Loss: 0.01701
2026-06-08 12:48:31,735 [INFO] Epoch [189/200] | Train Loss: 0.01700
2026-06-08 12:51:21,440 [INFO] Epoch [190/200] | Train Loss: 0.01699 | Val Loss: 0.01699
2026-06-08 12:51:21,488 [INFO] ✨ Best Model Updated (Val=0.01699)
2026-06-08 12:53:37,640 [INFO] Epoch [191/200] | Train Loss: 0.01702
2026-06-08 12:55:54,632 [INFO] Epoch [192/200] | Train Loss: 0.01705
2026-06-08 12:58:11,441 [INFO] Epoch [193/200] | Train Loss: 0.01703
2026-06-08 13:00:27,941 [INFO] Epoch [194/200] | Train Loss: 0.01700
2026-06-08 13:02:45,458 [INFO] Epoch [195/200] | Train Loss: 0.01701
2026-06-08 13:05:01,456 [INFO] Epoch [196/200] | Train Loss: 0.01700
2026-06-08 13:07:17,853 [INFO] Epoch [197/200] | Train Loss: 0.01704
2026-06-08 13:09:34,299 [INFO] Epoch [198/200] | Train Loss: 0.01695
2026-06-08 13:11:49,660 [INFO] Epoch [199/200] | Train Loss: 0.01699
2026-06-08 13:14:38,221 [INFO] Epoch [200/200] | Train Loss: 0.01697 | Val Loss: 0.01690
2026-06-08 13:14:38,270 [INFO] ✨ Best Model Updated (Val=0.01690)
2026-06-08 13:14:38,392 [INFO] 🎉 학습 완료!
