2026-05-31 15:26:36,802 [INFO] 🚨 데이터 검사 및 정규화를 시작합니다...
2026-05-31 15:26:37,450 [WARNING] ⚠️ X_tensor에 NaN이나 Inf가 발견되었습니다. 0으로 치환합니다.
2026-05-31 15:26:37,826 [INFO] 📊 정규화 전 X_tensor 범위: min=-3.14, max=56.75
2026-05-31 15:26:38,467 [INFO] ✅ 정규화 후 X_tensor 범위: min=0.00, max=1.00
2026-05-31 15:26:38,473 [INFO] 🔥 학습 시작: 총 100 에포크 | Train: 64152 | Val: 16038
2026-05-31 15:32:40,232 [INFO] Epoch [001/100] | Train Loss: 0.03041 | Val Loss: 0.02015
2026-05-31 15:32:40,288 [INFO] ✨ 베스트 모델 갱신 (Val Loss: 0.02015)
2026-05-31 15:37:33,773 [INFO] Epoch [002/100] | Train Loss: 0.02019 | Val Loss: Skipped (Next Val: Epoch 10)
2026-05-31 15:42:27,743 [INFO] Epoch [003/100] | Train Loss: 0.02008 | Val Loss: Skipped (Next Val: Epoch 10)
2026-05-31 15:47:21,429 [INFO] Epoch [004/100] | Train Loss: 0.01999 | Val Loss: Skipped (Next Val: Epoch 10)
2026-05-31 15:52:08,887 [INFO] Epoch [005/100] | Train Loss: 0.01996 | Val Loss: Skipped (Next Val: Epoch 10)
2026-05-31 15:56:58,837 [INFO] Epoch [006/100] | Train Loss: 0.01989 | Val Loss: Skipped (Next Val: Epoch 10)
2026-05-31 16:01:49,192 [INFO] Epoch [007/100] | Train Loss: 0.01988 | Val Loss: Skipped (Next Val: Epoch 10)
2026-05-31 16:06:39,499 [INFO] Epoch [008/100] | Train Loss: 0.01986 | Val Loss: Skipped (Next Val: Epoch 10)
2026-05-31 16:11:29,543 [INFO] Epoch [009/100] | Train Loss: 0.01984 | Val Loss: Skipped (Next Val: Epoch 10)
2026-05-31 16:17:32,300 [INFO] Epoch [010/100] | Train Loss: 0.01981 | Val Loss: 0.02013
2026-05-31 16:17:32,349 [INFO] ✨ 베스트 모델 갱신 (Val Loss: 0.02013)
2026-05-31 16:22:25,324 [INFO] Epoch [011/100] | Train Loss: 0.01980 | Val Loss: Skipped (Next Val: Epoch 20)
2026-05-31 16:27:20,163 [INFO] Epoch [012/100] | Train Loss: 0.01980 | Val Loss: Skipped (Next Val: Epoch 20)
2026-05-31 16:32:19,109 [INFO] Epoch [013/100] | Train Loss: 0.01978 | Val Loss: Skipped (Next Val: Epoch 20)
2026-05-31 16:37:19,103 [INFO] Epoch [014/100] | Train Loss: 0.01976 | Val Loss: Skipped (Next Val: Epoch 20)
2026-05-31 16:42:11,817 [INFO] Epoch [015/100] | Train Loss: 0.01977 | Val Loss: Skipped (Next Val: Epoch 20)
2026-05-31 16:47:08,215 [INFO] Epoch [016/100] | Train Loss: 0.01974 | Val Loss: Skipped (Next Val: Epoch 20)
2026-05-31 16:52:04,985 [INFO] Epoch [017/100] | Train Loss: 0.01975 | Val Loss: Skipped (Next Val: Epoch 20)
2026-05-31 16:56:56,167 [INFO] Epoch [018/100] | Train Loss: 0.01975 | Val Loss: Skipped (Next Val: Epoch 20)
2026-05-31 17:01:49,047 [INFO] Epoch [019/100] | Train Loss: 0.01972 | Val Loss: Skipped (Next Val: Epoch 20)
2026-05-31 17:07:55,380 [INFO] Epoch [020/100] | Train Loss: 0.01975 | Val Loss: 0.02005
2026-05-31 17:07:55,432 [INFO] ✨ 베스트 모델 갱신 (Val Loss: 0.02005)
2026-05-31 17:12:50,726 [INFO] Epoch [021/100] | Train Loss: 0.01973 | Val Loss: Skipped (Next Val: Epoch 30)
2026-05-31 17:17:45,397 [INFO] Epoch [022/100] | Train Loss: 0.01973 | Val Loss: Skipped (Next Val: Epoch 30)
2026-05-31 17:22:39,363 [INFO] Epoch [023/100] | Train Loss: 0.01974 | Val Loss: Skipped (Next Val: Epoch 30)
2026-05-31 17:27:33,509 [INFO] Epoch [024/100] | Train Loss: 0.01971 | Val Loss: Skipped (Next Val: Epoch 30)
2026-05-31 17:32:28,340 [INFO] Epoch [025/100] | Train Loss: 0.01973 | Val Loss: Skipped (Next Val: Epoch 30)
2026-05-31 17:37:23,305 [INFO] Epoch [026/100] | Train Loss: 0.01970 | Val Loss: Skipped (Next Val: Epoch 30)
2026-05-31 17:42:18,580 [INFO] Epoch [027/100] | Train Loss: 0.01971 | Val Loss: Skipped (Next Val: Epoch 30)
2026-05-31 17:47:13,379 [INFO] Epoch [028/100] | Train Loss: 0.01971 | Val Loss: Skipped (Next Val: Epoch 30)
2026-05-31 17:52:08,255 [INFO] Epoch [029/100] | Train Loss: 0.01970 | Val Loss: Skipped (Next Val: Epoch 30)
2026-05-31 17:58:13,977 [INFO] Epoch [030/100] | Train Loss: 0.01970 | Val Loss: 0.02013
2026-05-31 18:03:08,777 [INFO] Epoch [031/100] | Train Loss: 0.01970 | Val Loss: Skipped (Next Val: Epoch 40)
2026-05-31 18:08:03,829 [INFO] Epoch [032/100] | Train Loss: 0.01969 | Val Loss: Skipped (Next Val: Epoch 40)
2026-05-31 18:12:58,531 [INFO] Epoch [033/100] | Train Loss: 0.01969 | Val Loss: Skipped (Next Val: Epoch 40)
2026-05-31 18:17:53,311 [INFO] Epoch [034/100] | Train Loss: 0.01968 | Val Loss: Skipped (Next Val: Epoch 40)
2026-05-31 18:22:48,102 [INFO] Epoch [035/100] | Train Loss: 0.01967 | Val Loss: Skipped (Next Val: Epoch 40)
2026-05-31 18:27:42,155 [INFO] Epoch [036/100] | Train Loss: 0.01968 | Val Loss: Skipped (Next Val: Epoch 40)
2026-05-31 18:32:35,375 [INFO] Epoch [037/100] | Train Loss: 0.01969 | Val Loss: Skipped (Next Val: Epoch 40)
2026-05-31 18:37:35,350 [INFO] Epoch [038/100] | Train Loss: 0.01967 | Val Loss: Skipped (Next Val: Epoch 40)
2026-05-31 18:42:33,445 [INFO] Epoch [039/100] | Train Loss: 0.01968 | Val Loss: Skipped (Next Val: Epoch 40)
2026-05-31 18:48:38,794 [INFO] Epoch [040/100] | Train Loss: 0.01966 | Val Loss: 0.01996
2026-05-31 18:48:38,845 [INFO] ✨ 베스트 모델 갱신 (Val Loss: 0.01996)
2026-05-31 18:53:34,014 [INFO] Epoch [041/100] | Train Loss: 0.01966 | Val Loss: Skipped (Next Val: Epoch 50)
2026-05-31 18:58:24,310 [INFO] Epoch [042/100] | Train Loss: 0.01966 | Val Loss: Skipped (Next Val: Epoch 50)
2026-05-31 19:03:15,029 [INFO] Epoch [043/100] | Train Loss: 0.01966 | Val Loss: Skipped (Next Val: Epoch 50)
2026-05-31 19:08:05,625 [INFO] Epoch [044/100] | Train Loss: 0.01966 | Val Loss: Skipped (Next Val: Epoch 50)
2026-05-31 19:12:56,207 [INFO] Epoch [045/100] | Train Loss: 0.01967 | Val Loss: Skipped (Next Val: Epoch 50)
2026-05-31 19:17:46,908 [INFO] Epoch [046/100] | Train Loss: 0.01966 | Val Loss: Skipped (Next Val: Epoch 50)
2026-05-31 19:22:37,676 [INFO] Epoch [047/100] | Train Loss: 0.01964 | Val Loss: Skipped (Next Val: Epoch 50)
2026-05-31 19:27:28,149 [INFO] Epoch [048/100] | Train Loss: 0.01965 | Val Loss: Skipped (Next Val: Epoch 50)
2026-05-31 19:32:18,976 [INFO] Epoch [049/100] | Train Loss: 0.01964 | Val Loss: Skipped (Next Val: Epoch 50)
2026-05-31 19:38:19,335 [INFO] Epoch [050/100] | Train Loss: 0.01964 | Val Loss: 0.01979
2026-05-31 19:38:19,387 [INFO] ✨ 베스트 모델 갱신 (Val Loss: 0.01979)
2026-05-31 19:43:10,150 [INFO] Epoch [051/100] | Train Loss: 0.01963 | Val Loss: Skipped (Next Val: Epoch 60)
2026-05-31 19:48:01,047 [INFO] Epoch [052/100] | Train Loss: 0.01964 | Val Loss: Skipped (Next Val: Epoch 60)
2026-05-31 19:52:52,353 [INFO] Epoch [053/100] | Train Loss: 0.01963 | Val Loss: Skipped (Next Val: Epoch 60)
2026-05-31 19:57:43,172 [INFO] Epoch [054/100] | Train Loss: 0.01962 | Val Loss: Skipped (Next Val: Epoch 60)
2026-05-31 20:02:32,449 [INFO] Epoch [055/100] | Train Loss: 0.01963 | Val Loss: Skipped (Next Val: Epoch 60)
2026-05-31 20:07:22,138 [INFO] Epoch [056/100] | Train Loss: 0.01963 | Val Loss: Skipped (Next Val: Epoch 60)
2026-05-31 20:12:11,728 [INFO] Epoch [057/100] | Train Loss: 0.01961 | Val Loss: Skipped (Next Val: Epoch 60)
2026-05-31 20:17:01,229 [INFO] Epoch [058/100] | Train Loss: 0.01960 | Val Loss: Skipped (Next Val: Epoch 60)
2026-05-31 20:21:50,738 [INFO] Epoch [059/100] | Train Loss: 0.01960 | Val Loss: Skipped (Next Val: Epoch 60)
2026-05-31 20:27:50,019 [INFO] Epoch [060/100] | Train Loss: 0.01959 | Val Loss: 0.01975
2026-05-31 20:27:50,068 [INFO] ✨ 베스트 모델 갱신 (Val Loss: 0.01975)
2026-05-31 20:32:39,629 [INFO] Epoch [061/100] | Train Loss: 0.01960 | Val Loss: Skipped (Next Val: Epoch 70)
2026-05-31 20:37:30,293 [INFO] Epoch [062/100] | Train Loss: 0.01960 | Val Loss: Skipped (Next Val: Epoch 70)
2026-05-31 20:42:21,474 [INFO] Epoch [063/100] | Train Loss: 0.01959 | Val Loss: Skipped (Next Val: Epoch 70)
2026-05-31 20:47:11,428 [INFO] Epoch [064/100] | Train Loss: 0.01958 | Val Loss: Skipped (Next Val: Epoch 70)
2026-05-31 20:52:02,610 [INFO] Epoch [065/100] | Train Loss: 0.01959 | Val Loss: Skipped (Next Val: Epoch 70)
2026-05-31 20:56:54,530 [INFO] Epoch [066/100] | Train Loss: 0.01959 | Val Loss: Skipped (Next Val: Epoch 70)
2026-05-31 21:01:44,075 [INFO] Epoch [067/100] | Train Loss: 0.01958 | Val Loss: Skipped (Next Val: Epoch 70)
2026-05-31 21:06:33,554 [INFO] Epoch [068/100] | Train Loss: 0.01960 | Val Loss: Skipped (Next Val: Epoch 70)
2026-05-31 21:11:23,262 [INFO] Epoch [069/100] | Train Loss: 0.01959 | Val Loss: Skipped (Next Val: Epoch 70)
2026-05-31 21:17:22,691 [INFO] Epoch [070/100] | Train Loss: 0.01956 | Val Loss: 0.01988
2026-05-31 21:22:13,527 [INFO] Epoch [071/100] | Train Loss: 0.01958 | Val Loss: Skipped (Next Val: Epoch 80)
2026-05-31 21:27:07,025 [INFO] Epoch [072/100] | Train Loss: 0.01958 | Val Loss: Skipped (Next Val: Epoch 80)
2026-05-31 21:32:00,721 [INFO] Epoch [073/100] | Train Loss: 0.01956 | Val Loss: Skipped (Next Val: Epoch 80)
2026-05-31 21:36:54,708 [INFO] Epoch [074/100] | Train Loss: 0.01958 | Val Loss: Skipped (Next Val: Epoch 80)
2026-05-31 21:41:48,377 [INFO] Epoch [075/100] | Train Loss: 0.01958 | Val Loss: Skipped (Next Val: Epoch 80)
2026-05-31 21:46:42,264 [INFO] Epoch [076/100] | Train Loss: 0.01956 | Val Loss: Skipped (Next Val: Epoch 80)
2026-05-31 21:51:35,962 [INFO] Epoch [077/100] | Train Loss: 0.01956 | Val Loss: Skipped (Next Val: Epoch 80)
2026-05-31 21:56:30,132 [INFO] Epoch [078/100] | Train Loss: 0.01955 | Val Loss: Skipped (Next Val: Epoch 80)
2026-05-31 22:01:23,768 [INFO] Epoch [079/100] | Train Loss: 0.01956 | Val Loss: Skipped (Next Val: Epoch 80)
2026-05-31 22:07:24,219 [INFO] Epoch [080/100] | Train Loss: 0.01955 | Val Loss: 0.01973
2026-05-31 22:07:24,268 [INFO] ✨ 베스트 모델 갱신 (Val Loss: 0.01973)
2026-05-31 22:12:12,938 [INFO] Epoch [081/100] | Train Loss: 0.01957 | Val Loss: Skipped (Next Val: Epoch 90)
2026-05-31 22:17:01,653 [INFO] Epoch [082/100] | Train Loss: 0.01955 | Val Loss: Skipped (Next Val: Epoch 90)
2026-05-31 22:21:50,548 [INFO] Epoch [083/100] | Train Loss: 0.01955 | Val Loss: Skipped (Next Val: Epoch 90)
2026-05-31 22:26:39,464 [INFO] Epoch [084/100] | Train Loss: 0.01955 | Val Loss: Skipped (Next Val: Epoch 90)
2026-05-31 22:31:30,064 [INFO] Epoch [085/100] | Train Loss: 0.01955 | Val Loss: Skipped (Next Val: Epoch 90)
2026-05-31 22:36:20,612 [INFO] Epoch [086/100] | Train Loss: 0.01954 | Val Loss: Skipped (Next Val: Epoch 90)
2026-05-31 22:41:11,359 [INFO] Epoch [087/100] | Train Loss: 0.01954 | Val Loss: Skipped (Next Val: Epoch 90)
2026-05-31 22:46:02,136 [INFO] Epoch [088/100] | Train Loss: 0.01954 | Val Loss: Skipped (Next Val: Epoch 90)
2026-05-31 22:50:52,952 [INFO] Epoch [089/100] | Train Loss: 0.01953 | Val Loss: Skipped (Next Val: Epoch 90)
2026-05-31 22:56:52,698 [INFO] Epoch [090/100] | Train Loss: 0.01955 | Val Loss: 0.01974
2026-05-31 23:01:43,350 [INFO] Epoch [091/100] | Train Loss: 0.01954 | Val Loss: Skipped (Next Val: Epoch 100)
2026-05-31 23:06:33,799 [INFO] Epoch [092/100] | Train Loss: 0.01955 | Val Loss: Skipped (Next Val: Epoch 100)
2026-05-31 23:11:24,198 [INFO] Epoch [093/100] | Train Loss: 0.01953 | Val Loss: Skipped (Next Val: Epoch 100)
2026-05-31 23:16:14,525 [INFO] Epoch [094/100] | Train Loss: 0.01954 | Val Loss: Skipped (Next Val: Epoch 100)
2026-05-31 23:21:04,736 [INFO] Epoch [095/100] | Train Loss: 0.01954 | Val Loss: Skipped (Next Val: Epoch 100)
2026-05-31 23:25:55,075 [INFO] Epoch [096/100] | Train Loss: 0.01955 | Val Loss: Skipped (Next Val: Epoch 100)
2026-05-31 23:30:45,661 [INFO] Epoch [097/100] | Train Loss: 0.01953 | Val Loss: Skipped (Next Val: Epoch 100)
2026-05-31 23:35:36,510 [INFO] Epoch [098/100] | Train Loss: 0.01952 | Val Loss: Skipped (Next Val: Epoch 100)
2026-05-31 23:40:27,209 [INFO] Epoch [099/100] | Train Loss: 0.01952 | Val Loss: Skipped (Next Val: Epoch 100)
2026-05-31 23:46:27,042 [INFO] Epoch [100/100] | Train Loss: 0.01953 | Val Loss: 0.01971
2026-05-31 23:46:27,090 [INFO] ✨ 베스트 모델 갱신 (Val Loss: 0.01971)
2026-05-31 23:46:27,090 [INFO] 🎉 학습 완료!
